<!DOCTYPE html PUBLIC "-//W3C//DTD XHTML 1.0 Transitional//EN" "http://www.w3.org/TR/xhtml1/DTD/xhtml1-transitional.dtd">
<!-- Generated by Apache Maven Doxia Site Renderer 1.4 at 2015-02-16 -->
<html xmlns="http://www.w3.org/1999/xhtml" xml:lang="en" lang="en">
  <head>
    <meta http-equiv="Content-Type" content="text/html; charset=UTF-8" />
    <title>Title_Validation_E2E_EndToEnd - Surefire Report</title>
    <style type="text/css" media="all">
      @import url("./css/maven-base.css");
      @import url("./css/maven-theme.css");
      @import url("./css/site.css");
    </style>
    <link rel="stylesheet" href="./css/print.css" type="text/css" media="print" />
    <meta name="Date-Revision-yyyymmdd" content="20150216" />
    <meta http-equiv="Content-Language" content="en" />
        
        </head>
  <body class="composite">
    <div id="banner">
                    <div id="bannerLeft">
                Title_Validation_E2E_EndToEnd
                </div>
                    <div class="clear">
        <hr/>
      </div>
    </div>
    <div id="breadcrumbs">
            
                    
                <div class="xleft">
        <span id="publishDate">Last Published: 2015-02-16</span>
                  &nbsp;| <span id="projectVersion">Version: 1.41.1</span>
                      </div>
            <div class="xright">                    <a href="./" title="Title_Validation_E2E_EndToEnd">Title_Validation_E2E_EndToEnd</a>
              
                    
      </div>
      <div class="clear">
        <hr/>
      </div>
    </div>
    <div id="leftColumn">
      <div id="navcolumn">
             
                    
                                          <h5>Project Documentation</h5>
                  <ul>
                                                                                                                                                                                <li class="collapsed">
                          <a href="project-info.html" title="Project Information">Project Information</a>
                  </li>
                                                                              <li class="expanded">
                          <a href="project-reports.html" title="Project Reports">Project Reports</a>
                    <ul>
                      <li class="none">
            <strong>Surefire Report</strong>
          </li>
              </ul>
        </li>
          </ul>
                             <a href="http://maven.apache.org/" title="Built by Maven" class="poweredBy">
        <img class="poweredBy" alt="Built by Maven" src="./images/logos/maven-feather.png" />
      </a>
                   
                    
            </div>
    </div>
    <div id="bodyColumn">
      <div id="contentBox">
        <script type="text/javascript">
//<![CDATA[
function toggleDisplay(elementId) {
 var elm = document.getElementById(elementId + 'error');
 if (elm && typeof elm.style != "undefined") {
 if (elm.style.display == "none") {
 elm.style.display = "";
 document.getElementById(elementId + 'off').style.display = "none";
 document.getElementById(elementId + 'on').style.display = "inline";
 } else if (elm.style.display == "") { elm.style.display = "none";
 document.getElementById(elementId + 'off').style.display = "inline";
 document.getElementById(elementId + 'on').style.display = "none";
 } 
 } 
 }
//]]>
</script>
<div class="section">
<h2>Surefire Report<a name="Surefire_Report"></a></h2></div>
<div class="section">
<h2>Summary<a name="Summary"></a></h2><a name="Summary"></a>
<p>[<a href="#Summary">Summary</a>] [<a href="#Package_List">Package List</a>] [<a href="#Test_Cases">Test Cases</a>]</p><br />
<table border="1" class="bodyTable">
<tr class="a">
<th>Tests</th>
<th>Errors </th>
<th>Failures</th>
<th>Skipped</th>
<th>Success Rate</th>
<th>Time</th></tr>
<tr class="b">
<td>23</td>
<td>0</td>
<td>13</td>
<td>0</td>
<td>43.478%</td>
<td>0.131</td></tr></table><br />
<p>Note: failures are anticipated and checked for with assertions while errors are unanticipated.</p><br /></div>
<div class="section">
<h2>Package List<a name="Package_List"></a></h2><a name="Package_List"></a>
<p>[<a href="#Summary">Summary</a>] [<a href="#Package_List">Package List</a>] [<a href="#Test_Cases">Test Cases</a>]</p><br />
<table border="1" class="bodyTable">
<tr class="a">
<th>Package</th>
<th>Tests</th>
<th>Errors </th>
<th>Failures</th>
<th>Skipped</th>
<th>Success Rate</th>
<th>Time</th></tr>
<tr class="b">
<td><a href="#core.Title_Validation_E2E_EndToEnd">core.Title_Validation_E2E_EndToEnd</a></td>
<td>23</td>
<td>0</td>
<td>13</td>
<td>0</td>
<td>43.478%</td>
<td>0.131</td></tr></table><br />
<p>Note: package statistics are not computed recursively, they only sum up all of its testsuites numbers.</p>
<div class="section">
<h3>core.Title_Validation_E2E_EndToEnd<a name="core.Title_Validation_E2E_EndToEnd"></a></h3><a name="core.Title_Validation_E2E_EndToEnd"></a>
<table border="1" class="bodyTable">
<tr class="a">
<th></th>
<th>Class</th>
<th>Tests</th>
<th>Errors </th>
<th>Failures</th>
<th>Skipped</th>
<th>Success Rate</th>
<th>Time</th></tr>
<tr class="b">
<td><a href="#core.Title_Validation_E2E_EndToEndSeleniumTestParametersArray"><img src="images/icon_warning_sml.gif" alt="" /></a></td>
<td><a href="#core.Title_Validation_E2E_EndToEndSeleniumTestParametersArray">SeleniumTestParametersArray</a></td>
<td>23</td>
<td>0</td>
<td>13</td>
<td>0</td>
<td>43.478%</td>
<td>0.131</td></tr></table></div><br /></div>
<div class="section">
<h2>Test Cases<a name="Test_Cases"></a></h2><a name="Test_Cases"></a>
<p>[<a href="#Summary">Summary</a>] [<a href="#Package_List">Package List</a>] [<a href="#Test_Cases">Test Cases</a>]</p>
<div class="section">
<h3>SeleniumTestParametersArray<a name="SeleniumTestParametersArray"></a></h3><a name="core.Title_Validation_E2E_EndToEndSeleniumTestParametersArray"></a>
<table border="1" class="bodyTable">
<tr class="a">
<td><img src="images/icon_success_sml.gif" alt="" /></td>
<td>test_Title_Validation[Iteration # 0 : exp: TASS Russia News Agency; act: TASS Russia News Agency]</td>
<td>0.008</td></tr>
<tr class="b">
<td><img src="images/icon_success_sml.gif" alt="" /></td>
<td>test_Title_Validation[Iteration # 1 : exp: KyivPost / Independence. Community. Trust; act: KyivPost / Independence. Community. Trust]</td>
<td>0.002</td></tr>
<tr class="a">
<td><img src="images/icon_success_sml.gif" alt="" /></td>
<td>test_Title_Validation[Iteration # 2 : exp: RT; act: RT]</td>
<td>0</td></tr>
<tr class="b">
<td><img src="images/icon_success_sml.gif" alt="" /></td>
<td>test_Title_Validation[Iteration # 3 : exp: BBC - Homepage; act: BBC - Homepage]</td>
<td>0.001</td></tr>
<tr class="a">
<td><a href="#core.Title_Validation_E2E_EndToEnd.SeleniumTestParametersArray.test_Title_Validation[Iteration # 4 : exp: The Telegraph - Telegraph online; act: The Telegraph - Telegraph online, Daily Telegraph, Sunday Telegraph - Telegraph]"><img src="images/icon_error_sml.gif" alt="" /></a></td>
<td><a href="#core.Title_Validation_E2E_EndToEnd.SeleniumTestParametersArray.test_Title_Validation[Iteration # 4 : exp: The Telegraph - Telegraph online; act: The Telegraph - Telegraph online, Daily Telegraph, Sunday Telegraph - Telegraph]">test_Title_Validation[Iteration # 4 : exp: The Telegraph - Telegraph online; act: The Telegraph - Telegraph online, Daily Telegraph, Sunday Telegraph - Telegraph]</a>
<div class="detailToggle" style="display:inline"><a href="javascript:toggleDisplay(&apos;core_Title_Validation_E2E_EndToEnd_SeleniumTestParametersArray_test_Title_Validation[Iteration # 4 : exp: The Telegraph - Telegraph online; act: The Telegraph - Telegraph online, Daily Telegraph, Sunday Telegraph - Telegraph]&apos;);"><span style="display:inline;" id="core_Title_Validation_E2E_EndToEnd_SeleniumTestParametersArray_test_Title_Validation[Iteration # 4 : exp: The Telegraph - Telegraph online; act: The Telegraph - Telegraph online, Daily Telegraph, Sunday Telegraph - Telegraph]off"> + </span><span style="display:none;" id="core_Title_Validation_E2E_EndToEnd_SeleniumTestParametersArray_test_Title_Validation[Iteration # 4 : exp: The Telegraph - Telegraph online; act: The Telegraph - Telegraph online, Daily Telegraph, Sunday Telegraph - Telegraph]on"> - </span>[ Detail ]</a></div></td>
<td>0.006</td></tr>
<tr class="b">
<td></td>
<td>FAILED expected:&lt;...h - Telegraph online[]&gt; but was:&lt;...h - Telegraph online[, Daily Telegraph, Sunday Telegraph - Telegraph]&gt;</td>
<td></td></tr>
<tr class="a">
<td></td>
<td>
<div id="core_Title_Validation_E2E_EndToEnd_SeleniumTestParametersArray_test_Title_Validation[Iteration # 4 : exp: The Telegraph - Telegraph online; act: The Telegraph - Telegraph online, Daily Telegraph, Sunday Telegraph - Telegraph]error" style="display:none;">
<div>
<pre>org.junit.ComparisonFailure: FAILED expected:&lt;...h - Telegraph online[]&gt; but was:&lt;...h - Telegraph online[, Daily Telegraph, Sunday Telegraph - Telegraph]&gt;at org.junit.Assert.assertEquals(Assert.java:115)at core.Title_Validation_E2E_EndToEnd.SeleniumTestParametersArray.test_Title_Validation(SeleniumTestParametersArray.java:41)at sun.reflect.NativeMethodAccessorImpl.invoke0(Native Method)at sun.reflect.NativeMethodAccessorImpl.invoke(NativeMethodAccessorImpl.java:62)at sun.reflect.DelegatingMethodAccessorImpl.invoke(DelegatingMethodAccessorImpl.java:43)at java.lang.reflect.Method.invoke(Method.java:483)at org.junit.runners.model.FrameworkMethod$1.runReflectiveCall(FrameworkMethod.java:50)at org.junit.internal.runners.model.ReflectiveCallable.run(ReflectiveCallable.java:12)at org.junit.runners.model.FrameworkMethod.invokeExplosively(FrameworkMethod.java:47)at org.junit.internal.runners.statements.InvokeMethod.evaluate(InvokeMethod.java:17)at org.junit.runners.ParentRunner.runLeaf(ParentRunner.java:325)at org.junit.runners.BlockJUnit4ClassRunner.runChild(BlockJUnit4ClassRunner.java:78)at org.junit.runners.BlockJUnit4ClassRunner.runChild(BlockJUnit4ClassRunner.java:57)at org.junit.runners.ParentRunner$3.run(ParentRunner.java:290)at org.junit.runners.ParentRunner$1.schedule(ParentRunner.java:71)at org.junit.runners.ParentRunner.runChildren(ParentRunner.java:288)at org.junit.runners.ParentRunner.access$000(ParentRunner.java:58)at org.junit.runners.ParentRunner$2.evaluate(ParentRunner.java:268)at org.junit.runners.ParentRunner.run(ParentRunner.java:363)at org.junit.runners.Suite.runChild(Suite.java:128)at org.junit.runners.Suite.runChild(Suite.java:27)at org.junit.runners.ParentRunner$3.run(ParentRunner.java:290)at org.junit.runners.ParentRunner$1.schedule(ParentRunner.java:71)at org.junit.runners.ParentRunner.runChildren(ParentRunner.java:288)at org.junit.runners.ParentRunner.access$000(ParentRunner.java:58)at org.junit.runners.ParentRunner$2.evaluate(ParentRunner.java:268)at org.junit.internal.runners.statements.RunBefores.evaluate(RunBefores.java:26)at org.junit.runners.ParentRunner.run(ParentRunner.java:363)at org.junit.runners.Suite.runChild(Suite.java:128)at org.junit.runners.Suite.runChild(Suite.java:27)at org.junit.runners.ParentRunner$3.run(ParentRunner.java:290)at org.junit.runners.ParentRunner$1.schedule(ParentRunner.java:71)at org.junit.runners.ParentRunner.runChildren(ParentRunner.java:288)at org.junit.runners.ParentRunner.access$000(ParentRunner.java:58)at org.junit.runners.ParentRunner$2.evaluate(ParentRunner.java:268)at org.junit.runners.ParentRunner.run(ParentRunner.java:363)at org.apache.maven.surefire.junit4.JUnit4Provider.execute(JUnit4Provider.java:252)at org.apache.maven.surefire.junit4.JUnit4Provider.executeTestSet(JUnit4Provider.java:141)at org.apache.maven.surefire.junit4.JUnit4Provider.invoke(JUnit4Provider.java:112)at sun.reflect.NativeMethodAccessorImpl.invoke0(Native Method)at sun.reflect.NativeMethodAccessorImpl.invoke(NativeMethodAccessorImpl.java:62)at sun.reflect.DelegatingMethodAccessorImpl.invoke(DelegatingMethodAccessorImpl.java:43)at java.lang.reflect.Method.invoke(Method.java:483)at org.apache.maven.surefire.util.ReflectionUtils.invokeMethodWithArray(ReflectionUtils.java:189)at org.apache.maven.surefire.booter.ProviderFactory$ProviderProxy.invoke(ProviderFactory.java:165)at org.apache.maven.surefire.booter.ProviderFactory.invokeProvider(ProviderFactory.java:85)at org.apache.maven.surefire.booter.ForkedBooter.runSuitesInProcess(ForkedBooter.java:115)at org.apache.maven.surefire.booter.ForkedBooter.main(ForkedBooter.java:75)</pre></div></div></td>
<td></td></tr>
<tr class="b">
<td><a href="#core.Title_Validation_E2E_EndToEnd.SeleniumTestParametersArray.test_Title_Validation[Iteration # 5 : exp: ????? ???????? - ??? ?????? ??????? ? ?????? ????? ???????? - ??????? Mail.Ru; act: Путин Владимир - все свежие новости с меткой Путин Владимир - Новости Mail.Ru]"><img src="images/icon_error_sml.gif" alt="" /></a></td>
<td><a href="#core.Title_Validation_E2E_EndToEnd.SeleniumTestParametersArray.test_Title_Validation[Iteration # 5 : exp: ????? ???????? - ??? ?????? ??????? ? ?????? ????? ???????? - ??????? Mail.Ru; act: Путин Владимир - все свежие новости с меткой Путин Владимир - Новости Mail.Ru]">test_Title_Validation[Iteration # 5 : exp: ????? ???????? - ??? ?????? ??????? ? ?????? ????? ???????? - ??????? Mail.Ru; act: &#x41f;&#x443;&#x442;&#x438;&#x43d; &#x412;&#x43b;&#x430;&#x434;&#x438;&#x43c;&#x438;&#x440; - &#x432;&#x441;&#x435; &#x441;&#x432;&#x435;&#x436;&#x438;&#x435; &#x43d;&#x43e;&#x432;&#x43e;&#x441;&#x442;&#x438; &#x441; &#x43c;&#x435;&#x442;&#x43a;&#x43e;&#x439; &#x41f;&#x443;&#x442;&#x438;&#x43d; &#x412;&#x43b;&#x430;&#x434;&#x438;&#x43c;&#x438;&#x440; - &#x41d;&#x43e;&#x432;&#x43e;&#x441;&#x442;&#x438; Mail.Ru]</a>
<div class="detailToggle" style="display:inline"><a href="javascript:toggleDisplay(&apos;core_Title_Validation_E2E_EndToEnd_SeleniumTestParametersArray_test_Title_Validation[Iteration # 5 : exp: ????? ???????? - ??? ?????? ??????? ? ?????? ????? ???????? - ??????? Mail_Ru; act: Путин Владимир - все свежие новости с меткой Путин Владимир - Новости Mail_Ru]&apos;);"><span style="display:inline;" id="core_Title_Validation_E2E_EndToEnd_SeleniumTestParametersArray_test_Title_Validation[Iteration # 5 : exp: ????? ???????? - ??? ?????? ??????? ? ?????? ????? ???????? - ??????? Mail_Ru; act: &#x41f;&#x443;&#x442;&#x438;&#x43d; &#x412;&#x43b;&#x430;&#x434;&#x438;&#x43c;&#x438;&#x440; - &#x432;&#x441;&#x435; &#x441;&#x432;&#x435;&#x436;&#x438;&#x435; &#x43d;&#x43e;&#x432;&#x43e;&#x441;&#x442;&#x438; &#x441; &#x43c;&#x435;&#x442;&#x43a;&#x43e;&#x439; &#x41f;&#x443;&#x442;&#x438;&#x43d; &#x412;&#x43b;&#x430;&#x434;&#x438;&#x43c;&#x438;&#x440; - &#x41d;&#x43e;&#x432;&#x43e;&#x441;&#x442;&#x438; Mail_Ru]off"> + </span><span style="display:none;" id="core_Title_Validation_E2E_EndToEnd_SeleniumTestParametersArray_test_Title_Validation[Iteration # 5 : exp: ????? ???????? - ??? ?????? ??????? ? ?????? ????? ???????? - ??????? Mail_Ru; act: &#x41f;&#x443;&#x442;&#x438;&#x43d; &#x412;&#x43b;&#x430;&#x434;&#x438;&#x43c;&#x438;&#x440; - &#x432;&#x441;&#x435; &#x441;&#x432;&#x435;&#x436;&#x438;&#x435; &#x43d;&#x43e;&#x432;&#x43e;&#x441;&#x442;&#x438; &#x441; &#x43c;&#x435;&#x442;&#x43a;&#x43e;&#x439; &#x41f;&#x443;&#x442;&#x438;&#x43d; &#x412;&#x43b;&#x430;&#x434;&#x438;&#x43c;&#x438;&#x440; - &#x41d;&#x43e;&#x432;&#x43e;&#x441;&#x442;&#x438; Mail_Ru]on"> - </span>[ Detail ]</a></div></td>
<td>0.003</td></tr>
<tr class="a">
<td></td>
<td>FAILED expected:&lt;[????? ???????? - ??? ?????? ??????? ? ?????? ????? ???????? - ???????] Mail.Ru&gt; but was:&lt;[&#x41f;&#x443;&#x442;&#x438;&#x43d; &#x412;&#x43b;&#x430;&#x434;&#x438;&#x43c;&#x438;&#x440; - &#x432;&#x441;&#x435; &#x441;&#x432;&#x435;&#x436;&#x438;&#x435; &#x43d;&#x43e;&#x432;&#x43e;&#x441;&#x442;&#x438; &#x441; &#x43c;&#x435;&#x442;&#x43a;&#x43e;&#x439; &#x41f;&#x443;&#x442;&#x438;&#x43d; &#x412;&#x43b;&#x430;&#x434;&#x438;&#x43c;&#x438;&#x440; - &#x41d;&#x43e;&#x432;&#x43e;&#x441;&#x442;&#x438;] Mail.Ru&gt;</td>
<td></td></tr>
<tr class="b">
<td></td>
<td>
<div id="core_Title_Validation_E2E_EndToEnd_SeleniumTestParametersArray_test_Title_Validation[Iteration # 5 : exp: ????? ???????? - ??? ?????? ??????? ? ?????? ????? ???????? - ??????? Mail_Ru; act: &#x41f;&#x443;&#x442;&#x438;&#x43d; &#x412;&#x43b;&#x430;&#x434;&#x438;&#x43c;&#x438;&#x440; - &#x432;&#x441;&#x435; &#x441;&#x432;&#x435;&#x436;&#x438;&#x435; &#x43d;&#x43e;&#x432;&#x43e;&#x441;&#x442;&#x438; &#x441; &#x43c;&#x435;&#x442;&#x43a;&#x43e;&#x439; &#x41f;&#x443;&#x442;&#x438;&#x43d; &#x412;&#x43b;&#x430;&#x434;&#x438;&#x43c;&#x438;&#x440; - &#x41d;&#x43e;&#x432;&#x43e;&#x441;&#x442;&#x438; Mail_Ru]error" style="display:none;">
<div>
<pre>org.junit.ComparisonFailure: FAILED expected:&lt;[????? ???????? - ??? ?????? ??????? ? ?????? ????? ???????? - ???????] Mail.Ru&gt; but was:&lt;[&#x41f;&#x443;&#x442;&#x438;&#x43d; &#x412;&#x43b;&#x430;&#x434;&#x438;&#x43c;&#x438;&#x440; - &#x432;&#x441;&#x435; &#x441;&#x432;&#x435;&#x436;&#x438;&#x435; &#x43d;&#x43e;&#x432;&#x43e;&#x441;&#x442;&#x438; &#x441; &#x43c;&#x435;&#x442;&#x43a;&#x43e;&#x439; &#x41f;&#x443;&#x442;&#x438;&#x43d; &#x412;&#x43b;&#x430;&#x434;&#x438;&#x43c;&#x438;&#x440; - &#x41d;&#x43e;&#x432;&#x43e;&#x441;&#x442;&#x438;] Mail.Ru&gt;at org.junit.Assert.assertEquals(Assert.java:115)at core.Title_Validation_E2E_EndToEnd.SeleniumTestParametersArray.test_Title_Validation(SeleniumTestParametersArray.java:41)at sun.reflect.NativeMethodAccessorImpl.invoke0(Native Method)at sun.reflect.NativeMethodAccessorImpl.invoke(NativeMethodAccessorImpl.java:62)at sun.reflect.DelegatingMethodAccessorImpl.invoke(DelegatingMethodAccessorImpl.java:43)at java.lang.reflect.Method.invoke(Method.java:483)at org.junit.runners.model.FrameworkMethod$1.runReflectiveCall(FrameworkMethod.java:50)at org.junit.internal.runners.model.ReflectiveCallable.run(ReflectiveCallable.java:12)at org.junit.runners.model.FrameworkMethod.invokeExplosively(FrameworkMethod.java:47)at org.junit.internal.runners.statements.InvokeMethod.evaluate(InvokeMethod.java:17)at org.junit.runners.ParentRunner.runLeaf(ParentRunner.java:325)at org.junit.runners.BlockJUnit4ClassRunner.runChild(BlockJUnit4ClassRunner.java:78)at org.junit.runners.BlockJUnit4ClassRunner.runChild(BlockJUnit4ClassRunner.java:57)at org.junit.runners.ParentRunner$3.run(ParentRunner.java:290)at org.junit.runners.ParentRunner$1.schedule(ParentRunner.java:71)at org.junit.runners.ParentRunner.runChildren(ParentRunner.java:288)at org.junit.runners.ParentRunner.access$000(ParentRunner.java:58)at org.junit.runners.ParentRunner$2.evaluate(ParentRunner.java:268)at org.junit.runners.ParentRunner.run(ParentRunner.java:363)at org.junit.runners.Suite.runChild(Suite.java:128)at org.junit.runners.Suite.runChild(Suite.java:27)at org.junit.runners.ParentRunner$3.run(ParentRunner.java:290)at org.junit.runners.ParentRunner$1.schedule(ParentRunner.java:71)at org.junit.runners.ParentRunner.runChildren(ParentRunner.java:288)at org.junit.runners.ParentRunner.access$000(ParentRunner.java:58)at org.junit.runners.ParentRunner$2.evaluate(ParentRunner.java:268)at org.junit.internal.runners.statements.RunBefores.evaluate(RunBefores.java:26)at org.junit.runners.ParentRunner.run(ParentRunner.java:363)at org.junit.runners.Suite.runChild(Suite.java:128)at org.junit.runners.Suite.runChild(Suite.java:27)at org.junit.runners.ParentRunner$3.run(ParentRunner.java:290)at org.junit.runners.ParentRunner$1.schedule(ParentRunner.java:71)at org.junit.runners.ParentRunner.runChildren(ParentRunner.java:288)at org.junit.runners.ParentRunner.access$000(ParentRunner.java:58)at org.junit.runners.ParentRunner$2.evaluate(ParentRunner.java:268)at org.junit.runners.ParentRunner.run(ParentRunner.java:363)at org.apache.maven.surefire.junit4.JUnit4Provider.execute(JUnit4Provider.java:252)at org.apache.maven.surefire.junit4.JUnit4Provider.executeTestSet(JUnit4Provider.java:141)at org.apache.maven.surefire.junit4.JUnit4Provider.invoke(JUnit4Provider.java:112)at sun.reflect.NativeMethodAccessorImpl.invoke0(Native Method)at sun.reflect.NativeMethodAccessorImpl.invoke(NativeMethodAccessorImpl.java:62)at sun.reflect.DelegatingMethodAccessorImpl.invoke(DelegatingMethodAccessorImpl.java:43)at java.lang.reflect.Method.invoke(Method.java:483)at org.apache.maven.surefire.util.ReflectionUtils.invokeMethodWithArray(ReflectionUtils.java:189)at org.apache.maven.surefire.booter.ProviderFactory$ProviderProxy.invoke(ProviderFactory.java:165)at org.apache.maven.surefire.booter.ProviderFactory.invokeProvider(ProviderFactory.java:85)at org.apache.maven.surefire.booter.ForkedBooter.runSuitesInProcess(ForkedBooter.java:115)at org.apache.maven.surefire.booter.ForkedBooter.main(ForkedBooter.java:75)</pre></div></div></td>
<td></td></tr>
<tr class="a">
<td><a href="#core.Title_Validation_E2E_EndToEnd.SeleniumTestParametersArray.test_Title_Validation[Iteration # 6 : exp: ??????????????????? - ???????; act: РосБизнесКонсалтинг — новости, акции, курсы валют, погода, доллар, евро]"><img src="images/icon_error_sml.gif" alt="" /></a></td>
<td><a href="#core.Title_Validation_E2E_EndToEnd.SeleniumTestParametersArray.test_Title_Validation[Iteration # 6 : exp: ??????????????????? - ???????; act: РосБизнесКонсалтинг — новости, акции, курсы валют, погода, доллар, евро]">test_Title_Validation[Iteration # 6 : exp: ??????????????????? - ???????; act: &#x420;&#x43e;&#x441;&#x411;&#x438;&#x437;&#x43d;&#x435;&#x441;&#x41a;&#x43e;&#x43d;&#x441;&#x430;&#x43b;&#x442;&#x438;&#x43d;&#x433; &#x2014; &#x43d;&#x43e;&#x432;&#x43e;&#x441;&#x442;&#x438;, &#x430;&#x43a;&#x446;&#x438;&#x438;, &#x43a;&#x443;&#x440;&#x441;&#x44b; &#x432;&#x430;&#x43b;&#x44e;&#x442;, &#x43f;&#x43e;&#x433;&#x43e;&#x434;&#x430;, &#x434;&#x43e;&#x43b;&#x43b;&#x430;&#x440;, &#x435;&#x432;&#x440;&#x43e;]</a>
<div class="detailToggle" style="display:inline"><a href="javascript:toggleDisplay(&apos;core_Title_Validation_E2E_EndToEnd_SeleniumTestParametersArray_test_Title_Validation[Iteration # 6 : exp: ??????????????????? - ???????; act: РосБизнесКонсалтинг — новости, акции, курсы валют, погода, доллар, евро]&apos;);"><span style="display:inline;" id="core_Title_Validation_E2E_EndToEnd_SeleniumTestParametersArray_test_Title_Validation[Iteration # 6 : exp: ??????????????????? - ???????; act: &#x420;&#x43e;&#x441;&#x411;&#x438;&#x437;&#x43d;&#x435;&#x441;&#x41a;&#x43e;&#x43d;&#x441;&#x430;&#x43b;&#x442;&#x438;&#x43d;&#x433; &#x2014; &#x43d;&#x43e;&#x432;&#x43e;&#x441;&#x442;&#x438;, &#x430;&#x43a;&#x446;&#x438;&#x438;, &#x43a;&#x443;&#x440;&#x441;&#x44b; &#x432;&#x430;&#x43b;&#x44e;&#x442;, &#x43f;&#x43e;&#x433;&#x43e;&#x434;&#x430;, &#x434;&#x43e;&#x43b;&#x43b;&#x430;&#x440;, &#x435;&#x432;&#x440;&#x43e;]off"> + </span><span style="display:none;" id="core_Title_Validation_E2E_EndToEnd_SeleniumTestParametersArray_test_Title_Validation[Iteration # 6 : exp: ??????????????????? - ???????; act: &#x420;&#x43e;&#x441;&#x411;&#x438;&#x437;&#x43d;&#x435;&#x441;&#x41a;&#x43e;&#x43d;&#x441;&#x430;&#x43b;&#x442;&#x438;&#x43d;&#x433; &#x2014; &#x43d;&#x43e;&#x432;&#x43e;&#x441;&#x442;&#x438;, &#x430;&#x43a;&#x446;&#x438;&#x438;, &#x43a;&#x443;&#x440;&#x441;&#x44b; &#x432;&#x430;&#x43b;&#x44e;&#x442;, &#x43f;&#x43e;&#x433;&#x43e;&#x434;&#x430;, &#x434;&#x43e;&#x43b;&#x43b;&#x430;&#x440;, &#x435;&#x432;&#x440;&#x43e;]on"> - </span>[ Detail ]</a></div></td>
<td>0.001</td></tr>
<tr class="b">
<td></td>
<td>FAILED expected:&lt;[??????????????????? - ???????]&gt; but was:&lt;[&#x420;&#x43e;&#x441;&#x411;&#x438;&#x437;&#x43d;&#x435;&#x441;&#x41a;&#x43e;&#x43d;&#x441;&#x430;&#x43b;&#x442;&#x438;&#x43d;&#x433; &#x2014; &#x43d;&#x43e;&#x432;&#x43e;&#x441;&#x442;&#x438;, &#x430;&#x43a;&#x446;&#x438;&#x438;, &#x43a;&#x443;&#x440;&#x441;&#x44b; &#x432;&#x430;&#x43b;&#x44e;&#x442;, &#x43f;&#x43e;&#x433;&#x43e;&#x434;&#x430;, &#x434;&#x43e;&#x43b;&#x43b;&#x430;&#x440;, &#x435;&#x432;&#x440;&#x43e;]&gt;</td>
<td></td></tr>
<tr class="a">
<td></td>
<td>
<div id="core_Title_Validation_E2E_EndToEnd_SeleniumTestParametersArray_test_Title_Validation[Iteration # 6 : exp: ??????????????????? - ???????; act: &#x420;&#x43e;&#x441;&#x411;&#x438;&#x437;&#x43d;&#x435;&#x441;&#x41a;&#x43e;&#x43d;&#x441;&#x430;&#x43b;&#x442;&#x438;&#x43d;&#x433; &#x2014; &#x43d;&#x43e;&#x432;&#x43e;&#x441;&#x442;&#x438;, &#x430;&#x43a;&#x446;&#x438;&#x438;, &#x43a;&#x443;&#x440;&#x441;&#x44b; &#x432;&#x430;&#x43b;&#x44e;&#x442;, &#x43f;&#x43e;&#x433;&#x43e;&#x434;&#x430;, &#x434;&#x43e;&#x43b;&#x43b;&#x430;&#x440;, &#x435;&#x432;&#x440;&#x43e;]error" style="display:none;">
<div>
<pre>org.junit.ComparisonFailure: FAILED expected:&lt;[??????????????????? - ???????]&gt; but was:&lt;[&#x420;&#x43e;&#x441;&#x411;&#x438;&#x437;&#x43d;&#x435;&#x441;&#x41a;&#x43e;&#x43d;&#x441;&#x430;&#x43b;&#x442;&#x438;&#x43d;&#x433; &#x2014; &#x43d;&#x43e;&#x432;&#x43e;&#x441;&#x442;&#x438;, &#x430;&#x43a;&#x446;&#x438;&#x438;, &#x43a;&#x443;&#x440;&#x441;&#x44b; &#x432;&#x430;&#x43b;&#x44e;&#x442;, &#x43f;&#x43e;&#x433;&#x43e;&#x434;&#x430;, &#x434;&#x43e;&#x43b;&#x43b;&#x430;&#x440;, &#x435;&#x432;&#x440;&#x43e;]&gt;at org.junit.Assert.assertEquals(Assert.java:115)at core.Title_Validation_E2E_EndToEnd.SeleniumTestParametersArray.test_Title_Validation(SeleniumTestParametersArray.java:41)at sun.reflect.NativeMethodAccessorImpl.invoke0(Native Method)at sun.reflect.NativeMethodAccessorImpl.invoke(NativeMethodAccessorImpl.java:62)at sun.reflect.DelegatingMethodAccessorImpl.invoke(DelegatingMethodAccessorImpl.java:43)at java.lang.reflect.Method.invoke(Method.java:483)at org.junit.runners.model.FrameworkMethod$1.runReflectiveCall(FrameworkMethod.java:50)at org.junit.internal.runners.model.ReflectiveCallable.run(ReflectiveCallable.java:12)at org.junit.runners.model.FrameworkMethod.invokeExplosively(FrameworkMethod.java:47)at org.junit.internal.runners.statements.InvokeMethod.evaluate(InvokeMethod.java:17)at org.junit.runners.ParentRunner.runLeaf(ParentRunner.java:325)at org.junit.runners.BlockJUnit4ClassRunner.runChild(BlockJUnit4ClassRunner.java:78)at org.junit.runners.BlockJUnit4ClassRunner.runChild(BlockJUnit4ClassRunner.java:57)at org.junit.runners.ParentRunner$3.run(ParentRunner.java:290)at org.junit.runners.ParentRunner$1.schedule(ParentRunner.java:71)at org.junit.runners.ParentRunner.runChildren(ParentRunner.java:288)at org.junit.runners.ParentRunner.access$000(ParentRunner.java:58)at org.junit.runners.ParentRunner$2.evaluate(ParentRunner.java:268)at org.junit.runners.ParentRunner.run(ParentRunner.java:363)at org.junit.runners.Suite.runChild(Suite.java:128)at org.junit.runners.Suite.runChild(Suite.java:27)at org.junit.runners.ParentRunner$3.run(ParentRunner.java:290)at org.junit.runners.ParentRunner$1.schedule(ParentRunner.java:71)at org.junit.runners.ParentRunner.runChildren(ParentRunner.java:288)at org.junit.runners.ParentRunner.access$000(ParentRunner.java:58)at org.junit.runners.ParentRunner$2.evaluate(ParentRunner.java:268)at org.junit.internal.runners.statements.RunBefores.evaluate(RunBefores.java:26)at org.junit.runners.ParentRunner.run(ParentRunner.java:363)at org.junit.runners.Suite.runChild(Suite.java:128)at org.junit.runners.Suite.runChild(Suite.java:27)at org.junit.runners.ParentRunner$3.run(ParentRunner.java:290)at org.junit.runners.ParentRunner$1.schedule(ParentRunner.java:71)at org.junit.runners.ParentRunner.runChildren(ParentRunner.java:288)at org.junit.runners.ParentRunner.access$000(ParentRunner.java:58)at org.junit.runners.ParentRunner$2.evaluate(ParentRunner.java:268)at org.junit.runners.ParentRunner.run(ParentRunner.java:363)at org.apache.maven.surefire.junit4.JUnit4Provider.execute(JUnit4Provider.java:252)at org.apache.maven.surefire.junit4.JUnit4Provider.executeTestSet(JUnit4Provider.java:141)at org.apache.maven.surefire.junit4.JUnit4Provider.invoke(JUnit4Provider.java:112)at sun.reflect.NativeMethodAccessorImpl.invoke0(Native Method)at sun.reflect.NativeMethodAccessorImpl.invoke(NativeMethodAccessorImpl.java:62)at sun.reflect.DelegatingMethodAccessorImpl.invoke(DelegatingMethodAccessorImpl.java:43)at java.lang.reflect.Method.invoke(Method.java:483)at org.apache.maven.surefire.util.ReflectionUtils.invokeMethodWithArray(ReflectionUtils.java:189)at org.apache.maven.surefire.booter.ProviderFactory$ProviderProxy.invoke(ProviderFactory.java:165)at org.apache.maven.surefire.booter.ProviderFactory.invokeProvider(ProviderFactory.java:85)at org.apache.maven.surefire.booter.ForkedBooter.runSuitesInProcess(ForkedBooter.java:115)at org.apache.maven.surefire.booter.ForkedBooter.main(ForkedBooter.java:75)</pre></div></div></td>
<td></td></tr>
<tr class="b">
<td><a href="#core.Title_Validation_E2E_EndToEnd.SeleniumTestParametersArray.test_Title_Validation[Iteration # 7 : exp: ??? ???????? ?????; act: Тег Владимир Путин | РИА Новости]"><img src="images/icon_error_sml.gif" alt="" /></a></td>
<td><a href="#core.Title_Validation_E2E_EndToEnd.SeleniumTestParametersArray.test_Title_Validation[Iteration # 7 : exp: ??? ???????? ?????; act: Тег Владимир Путин | РИА Новости]">test_Title_Validation[Iteration # 7 : exp: ??? ???????? ?????; act: &#x422;&#x435;&#x433; &#x412;&#x43b;&#x430;&#x434;&#x438;&#x43c;&#x438;&#x440; &#x41f;&#x443;&#x442;&#x438;&#x43d; | &#x420;&#x418;&#x410; &#x41d;&#x43e;&#x432;&#x43e;&#x441;&#x442;&#x438;]</a>
<div class="detailToggle" style="display:inline"><a href="javascript:toggleDisplay(&apos;core_Title_Validation_E2E_EndToEnd_SeleniumTestParametersArray_test_Title_Validation[Iteration # 7 : exp: ??? ???????? ?????; act: Тег Владимир Путин | РИА Новости]&apos;);"><span style="display:inline;" id="core_Title_Validation_E2E_EndToEnd_SeleniumTestParametersArray_test_Title_Validation[Iteration # 7 : exp: ??? ???????? ?????; act: &#x422;&#x435;&#x433; &#x412;&#x43b;&#x430;&#x434;&#x438;&#x43c;&#x438;&#x440; &#x41f;&#x443;&#x442;&#x438;&#x43d; | &#x420;&#x418;&#x410; &#x41d;&#x43e;&#x432;&#x43e;&#x441;&#x442;&#x438;]off"> + </span><span style="display:none;" id="core_Title_Validation_E2E_EndToEnd_SeleniumTestParametersArray_test_Title_Validation[Iteration # 7 : exp: ??? ???????? ?????; act: &#x422;&#x435;&#x433; &#x412;&#x43b;&#x430;&#x434;&#x438;&#x43c;&#x438;&#x440; &#x41f;&#x443;&#x442;&#x438;&#x43d; | &#x420;&#x418;&#x410; &#x41d;&#x43e;&#x432;&#x43e;&#x441;&#x442;&#x438;]on"> - </span>[ Detail ]</a></div></td>
<td>0.004</td></tr>
<tr class="a">
<td></td>
<td>FAILED expected:&lt;[??? ???????? ?????]&gt; but was:&lt;[&#x422;&#x435;&#x433; &#x412;&#x43b;&#x430;&#x434;&#x438;&#x43c;&#x438;&#x440; &#x41f;&#x443;&#x442;&#x438;&#x43d; | &#x420;&#x418;&#x410; &#x41d;&#x43e;&#x432;&#x43e;&#x441;&#x442;&#x438;]&gt;</td>
<td></td></tr>
<tr class="b">
<td></td>
<td>
<div id="core_Title_Validation_E2E_EndToEnd_SeleniumTestParametersArray_test_Title_Validation[Iteration # 7 : exp: ??? ???????? ?????; act: &#x422;&#x435;&#x433; &#x412;&#x43b;&#x430;&#x434;&#x438;&#x43c;&#x438;&#x440; &#x41f;&#x443;&#x442;&#x438;&#x43d; | &#x420;&#x418;&#x410; &#x41d;&#x43e;&#x432;&#x43e;&#x441;&#x442;&#x438;]error" style="display:none;">
<div>
<pre>org.junit.ComparisonFailure: FAILED expected:&lt;[??? ???????? ?????]&gt; but was:&lt;[&#x422;&#x435;&#x433; &#x412;&#x43b;&#x430;&#x434;&#x438;&#x43c;&#x438;&#x440; &#x41f;&#x443;&#x442;&#x438;&#x43d; | &#x420;&#x418;&#x410; &#x41d;&#x43e;&#x432;&#x43e;&#x441;&#x442;&#x438;]&gt;at org.junit.Assert.assertEquals(Assert.java:115)at core.Title_Validation_E2E_EndToEnd.SeleniumTestParametersArray.test_Title_Validation(SeleniumTestParametersArray.java:41)at sun.reflect.NativeMethodAccessorImpl.invoke0(Native Method)at sun.reflect.NativeMethodAccessorImpl.invoke(NativeMethodAccessorImpl.java:62)at sun.reflect.DelegatingMethodAccessorImpl.invoke(DelegatingMethodAccessorImpl.java:43)at java.lang.reflect.Method.invoke(Method.java:483)at org.junit.runners.model.FrameworkMethod$1.runReflectiveCall(FrameworkMethod.java:50)at org.junit.internal.runners.model.ReflectiveCallable.run(ReflectiveCallable.java:12)at org.junit.runners.model.FrameworkMethod.invokeExplosively(FrameworkMethod.java:47)at org.junit.internal.runners.statements.InvokeMethod.evaluate(InvokeMethod.java:17)at org.junit.runners.ParentRunner.runLeaf(ParentRunner.java:325)at org.junit.runners.BlockJUnit4ClassRunner.runChild(BlockJUnit4ClassRunner.java:78)at org.junit.runners.BlockJUnit4ClassRunner.runChild(BlockJUnit4ClassRunner.java:57)at org.junit.runners.ParentRunner$3.run(ParentRunner.java:290)at org.junit.runners.ParentRunner$1.schedule(ParentRunner.java:71)at org.junit.runners.ParentRunner.runChildren(ParentRunner.java:288)at org.junit.runners.ParentRunner.access$000(ParentRunner.java:58)at org.junit.runners.ParentRunner$2.evaluate(ParentRunner.java:268)at org.junit.runners.ParentRunner.run(ParentRunner.java:363)at org.junit.runners.Suite.runChild(Suite.java:128)at org.junit.runners.Suite.runChild(Suite.java:27)at org.junit.runners.ParentRunner$3.run(ParentRunner.java:290)at org.junit.runners.ParentRunner$1.schedule(ParentRunner.java:71)at org.junit.runners.ParentRunner.runChildren(ParentRunner.java:288)at org.junit.runners.ParentRunner.access$000(ParentRunner.java:58)at org.junit.runners.ParentRunner$2.evaluate(ParentRunner.java:268)at org.junit.internal.runners.statements.RunBefores.evaluate(RunBefores.java:26)at org.junit.runners.ParentRunner.run(ParentRunner.java:363)at org.junit.runners.Suite.runChild(Suite.java:128)at org.junit.runners.Suite.runChild(Suite.java:27)at org.junit.runners.ParentRunner$3.run(ParentRunner.java:290)at org.junit.runners.ParentRunner$1.schedule(ParentRunner.java:71)at org.junit.runners.ParentRunner.runChildren(ParentRunner.java:288)at org.junit.runners.ParentRunner.access$000(ParentRunner.java:58)at org.junit.runners.ParentRunner$2.evaluate(ParentRunner.java:268)at org.junit.runners.ParentRunner.run(ParentRunner.java:363)at org.apache.maven.surefire.junit4.JUnit4Provider.execute(JUnit4Provider.java:252)at org.apache.maven.surefire.junit4.JUnit4Provider.executeTestSet(JUnit4Provider.java:141)at org.apache.maven.surefire.junit4.JUnit4Provider.invoke(JUnit4Provider.java:112)at sun.reflect.NativeMethodAccessorImpl.invoke0(Native Method)at sun.reflect.NativeMethodAccessorImpl.invoke(NativeMethodAccessorImpl.java:62)at sun.reflect.DelegatingMethodAccessorImpl.invoke(DelegatingMethodAccessorImpl.java:43)at java.lang.reflect.Method.invoke(Method.java:483)at org.apache.maven.surefire.util.ReflectionUtils.invokeMethodWithArray(ReflectionUtils.java:189)at org.apache.maven.surefire.booter.ProviderFactory$ProviderProxy.invoke(ProviderFactory.java:165)at org.apache.maven.surefire.booter.ProviderFactory.invokeProvider(ProviderFactory.java:85)at org.apache.maven.surefire.booter.ForkedBooter.runSuitesInProcess(ForkedBooter.java:115)at org.apache.maven.surefire.booter.ForkedBooter.main(ForkedBooter.java:75)</pre></div></div></td>
<td></td></tr>
<tr class="a">
<td><a href="#core.Title_Validation_E2E_EndToEnd.SeleniumTestParametersArray.test_Title_Validation[Iteration # 8 : exp: ?????? / ??????? ???; act:  ВЗГЛЯД / Новости дня]"><img src="images/icon_error_sml.gif" alt="" /></a></td>
<td><a href="#core.Title_Validation_E2E_EndToEnd.SeleniumTestParametersArray.test_Title_Validation[Iteration # 8 : exp: ?????? / ??????? ???; act:  ВЗГЛЯД / Новости дня]">test_Title_Validation[Iteration # 8 : exp: ?????? / ??????? ???; act: &#xa0;&#x412;&#x417;&#x413;&#x41b;&#x42f;&#x414; / &#x41d;&#x43e;&#x432;&#x43e;&#x441;&#x442;&#x438; &#x434;&#x43d;&#x44f;]</a>
<div class="detailToggle" style="display:inline"><a href="javascript:toggleDisplay(&apos;core_Title_Validation_E2E_EndToEnd_SeleniumTestParametersArray_test_Title_Validation[Iteration # 8 : exp: ?????? / ??????? ???; act:  ВЗГЛЯД / Новости дня]&apos;);"><span style="display:inline;" id="core_Title_Validation_E2E_EndToEnd_SeleniumTestParametersArray_test_Title_Validation[Iteration # 8 : exp: ?????? / ??????? ???; act: &#xa0;&#x412;&#x417;&#x413;&#x41b;&#x42f;&#x414; / &#x41d;&#x43e;&#x432;&#x43e;&#x441;&#x442;&#x438; &#x434;&#x43d;&#x44f;]off"> + </span><span style="display:none;" id="core_Title_Validation_E2E_EndToEnd_SeleniumTestParametersArray_test_Title_Validation[Iteration # 8 : exp: ?????? / ??????? ???; act: &#xa0;&#x412;&#x417;&#x413;&#x41b;&#x42f;&#x414; / &#x41d;&#x43e;&#x432;&#x43e;&#x441;&#x442;&#x438; &#x434;&#x43d;&#x44f;]on"> - </span>[ Detail ]</a></div></td>
<td>0.011</td></tr>
<tr class="b">
<td></td>
<td>FAILED expected:&lt;[?????? / ??????? ???]&gt; but was:&lt;[&#xa0;&#x412;&#x417;&#x413;&#x41b;&#x42f;&#x414; / &#x41d;&#x43e;&#x432;&#x43e;&#x441;&#x442;&#x438; &#x434;&#x43d;&#x44f;]&gt;</td>
<td></td></tr>
<tr class="a">
<td></td>
<td>
<div id="core_Title_Validation_E2E_EndToEnd_SeleniumTestParametersArray_test_Title_Validation[Iteration # 8 : exp: ?????? / ??????? ???; act: &#xa0;&#x412;&#x417;&#x413;&#x41b;&#x42f;&#x414; / &#x41d;&#x43e;&#x432;&#x43e;&#x441;&#x442;&#x438; &#x434;&#x43d;&#x44f;]error" style="display:none;">
<div>
<pre>org.junit.ComparisonFailure: FAILED expected:&lt;[?????? / ??????? ???]&gt; but was:&lt;[&#xa0;&#x412;&#x417;&#x413;&#x41b;&#x42f;&#x414; / &#x41d;&#x43e;&#x432;&#x43e;&#x441;&#x442;&#x438; &#x434;&#x43d;&#x44f;]&gt;at org.junit.Assert.assertEquals(Assert.java:115)at core.Title_Validation_E2E_EndToEnd.SeleniumTestParametersArray.test_Title_Validation(SeleniumTestParametersArray.java:41)at sun.reflect.NativeMethodAccessorImpl.invoke0(Native Method)at sun.reflect.NativeMethodAccessorImpl.invoke(NativeMethodAccessorImpl.java:62)at sun.reflect.DelegatingMethodAccessorImpl.invoke(DelegatingMethodAccessorImpl.java:43)at java.lang.reflect.Method.invoke(Method.java:483)at org.junit.runners.model.FrameworkMethod$1.runReflectiveCall(FrameworkMethod.java:50)at org.junit.internal.runners.model.ReflectiveCallable.run(ReflectiveCallable.java:12)at org.junit.runners.model.FrameworkMethod.invokeExplosively(FrameworkMethod.java:47)at org.junit.internal.runners.statements.InvokeMethod.evaluate(InvokeMethod.java:17)at org.junit.runners.ParentRunner.runLeaf(ParentRunner.java:325)at org.junit.runners.BlockJUnit4ClassRunner.runChild(BlockJUnit4ClassRunner.java:78)at org.junit.runners.BlockJUnit4ClassRunner.runChild(BlockJUnit4ClassRunner.java:57)at org.junit.runners.ParentRunner$3.run(ParentRunner.java:290)at org.junit.runners.ParentRunner$1.schedule(ParentRunner.java:71)at org.junit.runners.ParentRunner.runChildren(ParentRunner.java:288)at org.junit.runners.ParentRunner.access$000(ParentRunner.java:58)at org.junit.runners.ParentRunner$2.evaluate(ParentRunner.java:268)at org.junit.runners.ParentRunner.run(ParentRunner.java:363)at org.junit.runners.Suite.runChild(Suite.java:128)at org.junit.runners.Suite.runChild(Suite.java:27)at org.junit.runners.ParentRunner$3.run(ParentRunner.java:290)at org.junit.runners.ParentRunner$1.schedule(ParentRunner.java:71)at org.junit.runners.ParentRunner.runChildren(ParentRunner.java:288)at org.junit.runners.ParentRunner.access$000(ParentRunner.java:58)at org.junit.runners.ParentRunner$2.evaluate(ParentRunner.java:268)at org.junit.internal.runners.statements.RunBefores.evaluate(RunBefores.java:26)at org.junit.runners.ParentRunner.run(ParentRunner.java:363)at org.junit.runners.Suite.runChild(Suite.java:128)at org.junit.runners.Suite.runChild(Suite.java:27)at org.junit.runners.ParentRunner$3.run(ParentRunner.java:290)at org.junit.runners.ParentRunner$1.schedule(ParentRunner.java:71)at org.junit.runners.ParentRunner.runChildren(ParentRunner.java:288)at org.junit.runners.ParentRunner.access$000(ParentRunner.java:58)at org.junit.runners.ParentRunner$2.evaluate(ParentRunner.java:268)at org.junit.runners.ParentRunner.run(ParentRunner.java:363)at org.apache.maven.surefire.junit4.JUnit4Provider.execute(JUnit4Provider.java:252)at org.apache.maven.surefire.junit4.JUnit4Provider.executeTestSet(JUnit4Provider.java:141)at org.apache.maven.surefire.junit4.JUnit4Provider.invoke(JUnit4Provider.java:112)at sun.reflect.NativeMethodAccessorImpl.invoke0(Native Method)at sun.reflect.NativeMethodAccessorImpl.invoke(NativeMethodAccessorImpl.java:62)at sun.reflect.DelegatingMethodAccessorImpl.invoke(DelegatingMethodAccessorImpl.java:43)at java.lang.reflect.Method.invoke(Method.java:483)at org.apache.maven.surefire.util.ReflectionUtils.invokeMethodWithArray(ReflectionUtils.java:189)at org.apache.maven.surefire.booter.ProviderFactory$ProviderProxy.invoke(ProviderFactory.java:165)at org.apache.maven.surefire.booter.ProviderFactory.invokeProvider(ProviderFactory.java:85)at org.apache.maven.surefire.booter.ForkedBooter.runSuitesInProcess(ForkedBooter.java:115)at org.apache.maven.surefire.booter.ForkedBooter.main(ForkedBooter.java:75)</pre></div></div></td>
<td></td></tr>
<tr class="b">
<td><a href="#core.Title_Validation_E2E_EndToEnd.SeleniumTestParametersArray.test_Title_Validation[Iteration # 9 : exp: ??????????? ????????? ?????? - ??????? ???????????????? ??? ?????? ???????; act: Возвращение Владимира Путина - мрачное предзнаменование для России и Запада]"><img src="images/icon_error_sml.gif" alt="" /></a></td>
<td><a href="#core.Title_Validation_E2E_EndToEnd.SeleniumTestParametersArray.test_Title_Validation[Iteration # 9 : exp: ??????????? ????????? ?????? - ??????? ???????????????? ??? ?????? ???????; act: Возвращение Владимира Путина - мрачное предзнаменование для России и Запада]">test_Title_Validation[Iteration # 9 : exp: ??????????? ????????? ?????? - ??????? ???????????????? ??? ?????? ???????; act: &#x412;&#x43e;&#x437;&#x432;&#x440;&#x430;&#x449;&#x435;&#x43d;&#x438;&#x435; &#x412;&#x43b;&#x430;&#x434;&#x438;&#x43c;&#x438;&#x440;&#x430; &#x41f;&#x443;&#x442;&#x438;&#x43d;&#x430; - &#x43c;&#x440;&#x430;&#x447;&#x43d;&#x43e;&#x435; &#x43f;&#x440;&#x435;&#x434;&#x437;&#x43d;&#x430;&#x43c;&#x435;&#x43d;&#x43e;&#x432;&#x430;&#x43d;&#x438;&#x435; &#x434;&#x43b;&#x44f; &#x420;&#x43e;&#x441;&#x441;&#x438;&#x438; &#x438; &#x417;&#x430;&#x43f;&#x430;&#x434;&#x430;]</a>
<div class="detailToggle" style="display:inline"><a href="javascript:toggleDisplay(&apos;core_Title_Validation_E2E_EndToEnd_SeleniumTestParametersArray_test_Title_Validation[Iteration # 9 : exp: ??????????? ????????? ?????? - ??????? ???????????????? ??? ?????? ???????; act: Возвращение Владимира Путина - мрачное предзнаменование для России и Запада]&apos;);"><span style="display:inline;" id="core_Title_Validation_E2E_EndToEnd_SeleniumTestParametersArray_test_Title_Validation[Iteration # 9 : exp: ??????????? ????????? ?????? - ??????? ???????????????? ??? ?????? ???????; act: &#x412;&#x43e;&#x437;&#x432;&#x440;&#x430;&#x449;&#x435;&#x43d;&#x438;&#x435; &#x412;&#x43b;&#x430;&#x434;&#x438;&#x43c;&#x438;&#x440;&#x430; &#x41f;&#x443;&#x442;&#x438;&#x43d;&#x430; - &#x43c;&#x440;&#x430;&#x447;&#x43d;&#x43e;&#x435; &#x43f;&#x440;&#x435;&#x434;&#x437;&#x43d;&#x430;&#x43c;&#x435;&#x43d;&#x43e;&#x432;&#x430;&#x43d;&#x438;&#x435; &#x434;&#x43b;&#x44f; &#x420;&#x43e;&#x441;&#x441;&#x438;&#x438; &#x438; &#x417;&#x430;&#x43f;&#x430;&#x434;&#x430;]off"> + </span><span style="display:none;" id="core_Title_Validation_E2E_EndToEnd_SeleniumTestParametersArray_test_Title_Validation[Iteration # 9 : exp: ??????????? ????????? ?????? - ??????? ???????????????? ??? ?????? ???????; act: &#x412;&#x43e;&#x437;&#x432;&#x440;&#x430;&#x449;&#x435;&#x43d;&#x438;&#x435; &#x412;&#x43b;&#x430;&#x434;&#x438;&#x43c;&#x438;&#x440;&#x430; &#x41f;&#x443;&#x442;&#x438;&#x43d;&#x430; - &#x43c;&#x440;&#x430;&#x447;&#x43d;&#x43e;&#x435; &#x43f;&#x440;&#x435;&#x434;&#x437;&#x43d;&#x430;&#x43c;&#x435;&#x43d;&#x43e;&#x432;&#x430;&#x43d;&#x438;&#x435; &#x434;&#x43b;&#x44f; &#x420;&#x43e;&#x441;&#x441;&#x438;&#x438; &#x438; &#x417;&#x430;&#x43f;&#x430;&#x434;&#x430;]on"> - </span>[ Detail ]</a></div></td>
<td>0.003</td></tr>
<tr class="a">
<td></td>
<td>FAILED expected:&lt;[??????????? ????????? ?????? - ??????? ???????????????? ??? ?????? ???????]&gt; but was:&lt;[&#x412;&#x43e;&#x437;&#x432;&#x440;&#x430;&#x449;&#x435;&#x43d;&#x438;&#x435; &#x412;&#x43b;&#x430;&#x434;&#x438;&#x43c;&#x438;&#x440;&#x430; &#x41f;&#x443;&#x442;&#x438;&#x43d;&#x430; - &#x43c;&#x440;&#x430;&#x447;&#x43d;&#x43e;&#x435; &#x43f;&#x440;&#x435;&#x434;&#x437;&#x43d;&#x430;&#x43c;&#x435;&#x43d;&#x43e;&#x432;&#x430;&#x43d;&#x438;&#x435; &#x434;&#x43b;&#x44f; &#x420;&#x43e;&#x441;&#x441;&#x438;&#x438; &#x438; &#x417;&#x430;&#x43f;&#x430;&#x434;&#x430;]&gt;</td>
<td></td></tr>
<tr class="b">
<td></td>
<td>
<div id="core_Title_Validation_E2E_EndToEnd_SeleniumTestParametersArray_test_Title_Validation[Iteration # 9 : exp: ??????????? ????????? ?????? - ??????? ???????????????? ??? ?????? ???????; act: &#x412;&#x43e;&#x437;&#x432;&#x440;&#x430;&#x449;&#x435;&#x43d;&#x438;&#x435; &#x412;&#x43b;&#x430;&#x434;&#x438;&#x43c;&#x438;&#x440;&#x430; &#x41f;&#x443;&#x442;&#x438;&#x43d;&#x430; - &#x43c;&#x440;&#x430;&#x447;&#x43d;&#x43e;&#x435; &#x43f;&#x440;&#x435;&#x434;&#x437;&#x43d;&#x430;&#x43c;&#x435;&#x43d;&#x43e;&#x432;&#x430;&#x43d;&#x438;&#x435; &#x434;&#x43b;&#x44f; &#x420;&#x43e;&#x441;&#x441;&#x438;&#x438; &#x438; &#x417;&#x430;&#x43f;&#x430;&#x434;&#x430;]error" style="display:none;">
<div>
<pre>org.junit.ComparisonFailure: FAILED expected:&lt;[??????????? ????????? ?????? - ??????? ???????????????? ??? ?????? ???????]&gt; but was:&lt;[&#x412;&#x43e;&#x437;&#x432;&#x440;&#x430;&#x449;&#x435;&#x43d;&#x438;&#x435; &#x412;&#x43b;&#x430;&#x434;&#x438;&#x43c;&#x438;&#x440;&#x430; &#x41f;&#x443;&#x442;&#x438;&#x43d;&#x430; - &#x43c;&#x440;&#x430;&#x447;&#x43d;&#x43e;&#x435; &#x43f;&#x440;&#x435;&#x434;&#x437;&#x43d;&#x430;&#x43c;&#x435;&#x43d;&#x43e;&#x432;&#x430;&#x43d;&#x438;&#x435; &#x434;&#x43b;&#x44f; &#x420;&#x43e;&#x441;&#x441;&#x438;&#x438; &#x438; &#x417;&#x430;&#x43f;&#x430;&#x434;&#x430;]&gt;at org.junit.Assert.assertEquals(Assert.java:115)at core.Title_Validation_E2E_EndToEnd.SeleniumTestParametersArray.test_Title_Validation(SeleniumTestParametersArray.java:41)at sun.reflect.NativeMethodAccessorImpl.invoke0(Native Method)at sun.reflect.NativeMethodAccessorImpl.invoke(NativeMethodAccessorImpl.java:62)at sun.reflect.DelegatingMethodAccessorImpl.invoke(DelegatingMethodAccessorImpl.java:43)at java.lang.reflect.Method.invoke(Method.java:483)at org.junit.runners.model.FrameworkMethod$1.runReflectiveCall(FrameworkMethod.java:50)at org.junit.internal.runners.model.ReflectiveCallable.run(ReflectiveCallable.java:12)at org.junit.runners.model.FrameworkMethod.invokeExplosively(FrameworkMethod.java:47)at org.junit.internal.runners.statements.InvokeMethod.evaluate(InvokeMethod.java:17)at org.junit.runners.ParentRunner.runLeaf(ParentRunner.java:325)at org.junit.runners.BlockJUnit4ClassRunner.runChild(BlockJUnit4ClassRunner.java:78)at org.junit.runners.BlockJUnit4ClassRunner.runChild(BlockJUnit4ClassRunner.java:57)at org.junit.runners.ParentRunner$3.run(ParentRunner.java:290)at org.junit.runners.ParentRunner$1.schedule(ParentRunner.java:71)at org.junit.runners.ParentRunner.runChildren(ParentRunner.java:288)at org.junit.runners.ParentRunner.access$000(ParentRunner.java:58)at org.junit.runners.ParentRunner$2.evaluate(ParentRunner.java:268)at org.junit.runners.ParentRunner.run(ParentRunner.java:363)at org.junit.runners.Suite.runChild(Suite.java:128)at org.junit.runners.Suite.runChild(Suite.java:27)at org.junit.runners.ParentRunner$3.run(ParentRunner.java:290)at org.junit.runners.ParentRunner$1.schedule(ParentRunner.java:71)at org.junit.runners.ParentRunner.runChildren(ParentRunner.java:288)at org.junit.runners.ParentRunner.access$000(ParentRunner.java:58)at org.junit.runners.ParentRunner$2.evaluate(ParentRunner.java:268)at org.junit.internal.runners.statements.RunBefores.evaluate(RunBefores.java:26)at org.junit.runners.ParentRunner.run(ParentRunner.java:363)at org.junit.runners.Suite.runChild(Suite.java:128)at org.junit.runners.Suite.runChild(Suite.java:27)at org.junit.runners.ParentRunner$3.run(ParentRunner.java:290)at org.junit.runners.ParentRunner$1.schedule(ParentRunner.java:71)at org.junit.runners.ParentRunner.runChildren(ParentRunner.java:288)at org.junit.runners.ParentRunner.access$000(ParentRunner.java:58)at org.junit.runners.ParentRunner$2.evaluate(ParentRunner.java:268)at org.junit.runners.ParentRunner.run(ParentRunner.java:363)at org.apache.maven.surefire.junit4.JUnit4Provider.execute(JUnit4Provider.java:252)at org.apache.maven.surefire.junit4.JUnit4Provider.executeTestSet(JUnit4Provider.java:141)at org.apache.maven.surefire.junit4.JUnit4Provider.invoke(JUnit4Provider.java:112)at sun.reflect.NativeMethodAccessorImpl.invoke0(Native Method)at sun.reflect.NativeMethodAccessorImpl.invoke(NativeMethodAccessorImpl.java:62)at sun.reflect.DelegatingMethodAccessorImpl.invoke(DelegatingMethodAccessorImpl.java:43)at java.lang.reflect.Method.invoke(Method.java:483)at org.apache.maven.surefire.util.ReflectionUtils.invokeMethodWithArray(ReflectionUtils.java:189)at org.apache.maven.surefire.booter.ProviderFactory$ProviderProxy.invoke(ProviderFactory.java:165)at org.apache.maven.surefire.booter.ProviderFactory.invokeProvider(ProviderFactory.java:85)at org.apache.maven.surefire.booter.ForkedBooter.runSuitesInProcess(ForkedBooter.java:115)at org.apache.maven.surefire.booter.ForkedBooter.main(ForkedBooter.java:75)</pre></div></div></td>
<td></td></tr>
<tr class="a">
<td><a href="#core.Title_Validation_E2E_EndToEnd.SeleniumTestParametersArray.test_Title_Validation[Iteration # 10 : exp: ????? ???????; act: Путин сегодня]"><img src="images/icon_error_sml.gif" alt="" /></a></td>
<td><a href="#core.Title_Validation_E2E_EndToEnd.SeleniumTestParametersArray.test_Title_Validation[Iteration # 10 : exp: ????? ???????; act: Путин сегодня]">test_Title_Validation[Iteration # 10 : exp: ????? ???????; act: &#x41f;&#x443;&#x442;&#x438;&#x43d; &#x441;&#x435;&#x433;&#x43e;&#x434;&#x43d;&#x44f;]</a>
<div class="detailToggle" style="display:inline"><a href="javascript:toggleDisplay(&apos;core_Title_Validation_E2E_EndToEnd_SeleniumTestParametersArray_test_Title_Validation[Iteration # 10 : exp: ????? ???????; act: Путин сегодня]&apos;);"><span style="display:inline;" id="core_Title_Validation_E2E_EndToEnd_SeleniumTestParametersArray_test_Title_Validation[Iteration # 10 : exp: ????? ???????; act: &#x41f;&#x443;&#x442;&#x438;&#x43d; &#x441;&#x435;&#x433;&#x43e;&#x434;&#x43d;&#x44f;]off"> + </span><span style="display:none;" id="core_Title_Validation_E2E_EndToEnd_SeleniumTestParametersArray_test_Title_Validation[Iteration # 10 : exp: ????? ???????; act: &#x41f;&#x443;&#x442;&#x438;&#x43d; &#x441;&#x435;&#x433;&#x43e;&#x434;&#x43d;&#x44f;]on"> - </span>[ Detail ]</a></div></td>
<td>0.001</td></tr>
<tr class="b">
<td></td>
<td>FAILED expected:&lt;[????? ???????]&gt; but was:&lt;[&#x41f;&#x443;&#x442;&#x438;&#x43d; &#x441;&#x435;&#x433;&#x43e;&#x434;&#x43d;&#x44f;]&gt;</td>
<td></td></tr>
<tr class="a">
<td></td>
<td>
<div id="core_Title_Validation_E2E_EndToEnd_SeleniumTestParametersArray_test_Title_Validation[Iteration # 10 : exp: ????? ???????; act: &#x41f;&#x443;&#x442;&#x438;&#x43d; &#x441;&#x435;&#x433;&#x43e;&#x434;&#x43d;&#x44f;]error" style="display:none;">
<div>
<pre>org.junit.ComparisonFailure: FAILED expected:&lt;[????? ???????]&gt; but was:&lt;[&#x41f;&#x443;&#x442;&#x438;&#x43d; &#x441;&#x435;&#x433;&#x43e;&#x434;&#x43d;&#x44f;]&gt;at org.junit.Assert.assertEquals(Assert.java:115)at core.Title_Validation_E2E_EndToEnd.SeleniumTestParametersArray.test_Title_Validation(SeleniumTestParametersArray.java:41)at sun.reflect.NativeMethodAccessorImpl.invoke0(Native Method)at sun.reflect.NativeMethodAccessorImpl.invoke(NativeMethodAccessorImpl.java:62)at sun.reflect.DelegatingMethodAccessorImpl.invoke(DelegatingMethodAccessorImpl.java:43)at java.lang.reflect.Method.invoke(Method.java:483)at org.junit.runners.model.FrameworkMethod$1.runReflectiveCall(FrameworkMethod.java:50)at org.junit.internal.runners.model.ReflectiveCallable.run(ReflectiveCallable.java:12)at org.junit.runners.model.FrameworkMethod.invokeExplosively(FrameworkMethod.java:47)at org.junit.internal.runners.statements.InvokeMethod.evaluate(InvokeMethod.java:17)at org.junit.runners.ParentRunner.runLeaf(ParentRunner.java:325)at org.junit.runners.BlockJUnit4ClassRunner.runChild(BlockJUnit4ClassRunner.java:78)at org.junit.runners.BlockJUnit4ClassRunner.runChild(BlockJUnit4ClassRunner.java:57)at org.junit.runners.ParentRunner$3.run(ParentRunner.java:290)at org.junit.runners.ParentRunner$1.schedule(ParentRunner.java:71)at org.junit.runners.ParentRunner.runChildren(ParentRunner.java:288)at org.junit.runners.ParentRunner.access$000(ParentRunner.java:58)at org.junit.runners.ParentRunner$2.evaluate(ParentRunner.java:268)at org.junit.runners.ParentRunner.run(ParentRunner.java:363)at org.junit.runners.Suite.runChild(Suite.java:128)at org.junit.runners.Suite.runChild(Suite.java:27)at org.junit.runners.ParentRunner$3.run(ParentRunner.java:290)at org.junit.runners.ParentRunner$1.schedule(ParentRunner.java:71)at org.junit.runners.ParentRunner.runChildren(ParentRunner.java:288)at org.junit.runners.ParentRunner.access$000(ParentRunner.java:58)at org.junit.runners.ParentRunner$2.evaluate(ParentRunner.java:268)at org.junit.internal.runners.statements.RunBefores.evaluate(RunBefores.java:26)at org.junit.runners.ParentRunner.run(ParentRunner.java:363)at org.junit.runners.Suite.runChild(Suite.java:128)at org.junit.runners.Suite.runChild(Suite.java:27)at org.junit.runners.ParentRunner$3.run(ParentRunner.java:290)at org.junit.runners.ParentRunner$1.schedule(ParentRunner.java:71)at org.junit.runners.ParentRunner.runChildren(ParentRunner.java:288)at org.junit.runners.ParentRunner.access$000(ParentRunner.java:58)at org.junit.runners.ParentRunner$2.evaluate(ParentRunner.java:268)at org.junit.runners.ParentRunner.run(ParentRunner.java:363)at org.apache.maven.surefire.junit4.JUnit4Provider.execute(JUnit4Provider.java:252)at org.apache.maven.surefire.junit4.JUnit4Provider.executeTestSet(JUnit4Provider.java:141)at org.apache.maven.surefire.junit4.JUnit4Provider.invoke(JUnit4Provider.java:112)at sun.reflect.NativeMethodAccessorImpl.invoke0(Native Method)at sun.reflect.NativeMethodAccessorImpl.invoke(NativeMethodAccessorImpl.java:62)at sun.reflect.DelegatingMethodAccessorImpl.invoke(DelegatingMethodAccessorImpl.java:43)at java.lang.reflect.Method.invoke(Method.java:483)at org.apache.maven.surefire.util.ReflectionUtils.invokeMethodWithArray(ReflectionUtils.java:189)at org.apache.maven.surefire.booter.ProviderFactory$ProviderProxy.invoke(ProviderFactory.java:165)at org.apache.maven.surefire.booter.ProviderFactory.invokeProvider(ProviderFactory.java:85)at org.apache.maven.surefire.booter.ForkedBooter.runSuitesInProcess(ForkedBooter.java:115)at org.apache.maven.surefire.booter.ForkedBooter.main(ForkedBooter.java:75)</pre></div></div></td>
<td></td></tr>
<tr class="b">
<td><a href="#core.Title_Validation_E2E_EndToEnd.SeleniumTestParametersArray.test_Title_Validation[Iteration # 11 : exp: Washington Post: Breaking News; act: Washington Post: Breaking News, World, US, DC News &amp; Analysis]"><img src="images/icon_error_sml.gif" alt="" /></a></td>
<td><a href="#core.Title_Validation_E2E_EndToEnd.SeleniumTestParametersArray.test_Title_Validation[Iteration # 11 : exp: Washington Post: Breaking News; act: Washington Post: Breaking News, World, US, DC News &amp; Analysis]">test_Title_Validation[Iteration # 11 : exp: Washington Post: Breaking News; act: Washington Post: Breaking News, World, US, DC News &amp; Analysis]</a>
<div class="detailToggle" style="display:inline"><a href="javascript:toggleDisplay(&apos;core_Title_Validation_E2E_EndToEnd_SeleniumTestParametersArray_test_Title_Validation[Iteration # 11 : exp: Washington Post: Breaking News; act: Washington Post: Breaking News, World, US, DC News &amp; Analysis]&apos;);"><span style="display:inline;" id="core_Title_Validation_E2E_EndToEnd_SeleniumTestParametersArray_test_Title_Validation[Iteration # 11 : exp: Washington Post: Breaking News; act: Washington Post: Breaking News, World, US, DC News &amp; Analysis]off"> + </span><span style="display:none;" id="core_Title_Validation_E2E_EndToEnd_SeleniumTestParametersArray_test_Title_Validation[Iteration # 11 : exp: Washington Post: Breaking News; act: Washington Post: Breaking News, World, US, DC News &amp; Analysis]on"> - </span>[ Detail ]</a></div></td>
<td>0.022</td></tr>
<tr class="a">
<td></td>
<td>FAILED expected:&lt;... Post: Breaking News[]&gt; but was:&lt;... Post: Breaking News[, World, US, DC News &amp; Analysis]&gt;</td>
<td></td></tr>
<tr class="b">
<td></td>
<td>
<div id="core_Title_Validation_E2E_EndToEnd_SeleniumTestParametersArray_test_Title_Validation[Iteration # 11 : exp: Washington Post: Breaking News; act: Washington Post: Breaking News, World, US, DC News &amp; Analysis]error" style="display:none;">
<div>
<pre>org.junit.ComparisonFailure: FAILED expected:&lt;... Post: Breaking News[]&gt; but was:&lt;... Post: Breaking News[, World, US, DC News &amp; Analysis]&gt;at org.junit.Assert.assertEquals(Assert.java:115)at core.Title_Validation_E2E_EndToEnd.SeleniumTestParametersArray.test_Title_Validation(SeleniumTestParametersArray.java:41)at sun.reflect.NativeMethodAccessorImpl.invoke0(Native Method)at sun.reflect.NativeMethodAccessorImpl.invoke(NativeMethodAccessorImpl.java:62)at sun.reflect.DelegatingMethodAccessorImpl.invoke(DelegatingMethodAccessorImpl.java:43)at java.lang.reflect.Method.invoke(Method.java:483)at org.junit.runners.model.FrameworkMethod$1.runReflectiveCall(FrameworkMethod.java:50)at org.junit.internal.runners.model.ReflectiveCallable.run(ReflectiveCallable.java:12)at org.junit.runners.model.FrameworkMethod.invokeExplosively(FrameworkMethod.java:47)at org.junit.internal.runners.statements.InvokeMethod.evaluate(InvokeMethod.java:17)at org.junit.runners.ParentRunner.runLeaf(ParentRunner.java:325)at org.junit.runners.BlockJUnit4ClassRunner.runChild(BlockJUnit4ClassRunner.java:78)at org.junit.runners.BlockJUnit4ClassRunner.runChild(BlockJUnit4ClassRunner.java:57)at org.junit.runners.ParentRunner$3.run(ParentRunner.java:290)at org.junit.runners.ParentRunner$1.schedule(ParentRunner.java:71)at org.junit.runners.ParentRunner.runChildren(ParentRunner.java:288)at org.junit.runners.ParentRunner.access$000(ParentRunner.java:58)at org.junit.runners.ParentRunner$2.evaluate(ParentRunner.java:268)at org.junit.runners.ParentRunner.run(ParentRunner.java:363)at org.junit.runners.Suite.runChild(Suite.java:128)at org.junit.runners.Suite.runChild(Suite.java:27)at org.junit.runners.ParentRunner$3.run(ParentRunner.java:290)at org.junit.runners.ParentRunner$1.schedule(ParentRunner.java:71)at org.junit.runners.ParentRunner.runChildren(ParentRunner.java:288)at org.junit.runners.ParentRunner.access$000(ParentRunner.java:58)at org.junit.runners.ParentRunner$2.evaluate(ParentRunner.java:268)at org.junit.internal.runners.statements.RunBefores.evaluate(RunBefores.java:26)at org.junit.runners.ParentRunner.run(ParentRunner.java:363)at org.junit.runners.Suite.runChild(Suite.java:128)at org.junit.runners.Suite.runChild(Suite.java:27)at org.junit.runners.ParentRunner$3.run(ParentRunner.java:290)at org.junit.runners.ParentRunner$1.schedule(ParentRunner.java:71)at org.junit.runners.ParentRunner.runChildren(ParentRunner.java:288)at org.junit.runners.ParentRunner.access$000(ParentRunner.java:58)at org.junit.runners.ParentRunner$2.evaluate(ParentRunner.java:268)at org.junit.runners.ParentRunner.run(ParentRunner.java:363)at org.apache.maven.surefire.junit4.JUnit4Provider.execute(JUnit4Provider.java:252)at org.apache.maven.surefire.junit4.JUnit4Provider.executeTestSet(JUnit4Provider.java:141)at org.apache.maven.surefire.junit4.JUnit4Provider.invoke(JUnit4Provider.java:112)at sun.reflect.NativeMethodAccessorImpl.invoke0(Native Method)at sun.reflect.NativeMethodAccessorImpl.invoke(NativeMethodAccessorImpl.java:62)at sun.reflect.DelegatingMethodAccessorImpl.invoke(DelegatingMethodAccessorImpl.java:43)at java.lang.reflect.Method.invoke(Method.java:483)at org.apache.maven.surefire.util.ReflectionUtils.invokeMethodWithArray(ReflectionUtils.java:189)at org.apache.maven.surefire.booter.ProviderFactory$ProviderProxy.invoke(ProviderFactory.java:165)at org.apache.maven.surefire.booter.ProviderFactory.invokeProvider(ProviderFactory.java:85)at org.apache.maven.surefire.booter.ForkedBooter.runSuitesInProcess(ForkedBooter.java:115)at org.apache.maven.surefire.booter.ForkedBooter.main(ForkedBooter.java:75)</pre></div></div></td>
<td></td></tr>
<tr class="a">
<td><a href="#core.Title_Validation_E2E_EndToEnd.SeleniumTestParametersArray.test_Title_Validation[Iteration # 12 : exp: Latest US news; act: Latest US news, world news, sports and opinion from the Guardian | theguardian.com | The Guardian]"><img src="images/icon_error_sml.gif" alt="" /></a></td>
<td><a href="#core.Title_Validation_E2E_EndToEnd.SeleniumTestParametersArray.test_Title_Validation[Iteration # 12 : exp: Latest US news; act: Latest US news, world news, sports and opinion from the Guardian | theguardian.com | The Guardian]">test_Title_Validation[Iteration # 12 : exp: Latest US news; act: Latest US news, world news, sports and opinion from the Guardian | theguardian.com | The Guardian]</a>
<div class="detailToggle" style="display:inline"><a href="javascript:toggleDisplay(&apos;core_Title_Validation_E2E_EndToEnd_SeleniumTestParametersArray_test_Title_Validation[Iteration # 12 : exp: Latest US news; act: Latest US news, world news, sports and opinion from the Guardian | theguardian_com | The Guardian]&apos;);"><span style="display:inline;" id="core_Title_Validation_E2E_EndToEnd_SeleniumTestParametersArray_test_Title_Validation[Iteration # 12 : exp: Latest US news; act: Latest US news, world news, sports and opinion from the Guardian | theguardian_com | The Guardian]off"> + </span><span style="display:none;" id="core_Title_Validation_E2E_EndToEnd_SeleniumTestParametersArray_test_Title_Validation[Iteration # 12 : exp: Latest US news; act: Latest US news, world news, sports and opinion from the Guardian | theguardian_com | The Guardian]on"> - </span>[ Detail ]</a></div></td>
<td>0.014</td></tr>
<tr class="b">
<td></td>
<td>FAILED expected:&lt;Latest US news[]&gt; but was:&lt;Latest US news[, world news, sports and opinion from the Guardian | theguardian.com | The Guardian]&gt;</td>
<td></td></tr>
<tr class="a">
<td></td>
<td>
<div id="core_Title_Validation_E2E_EndToEnd_SeleniumTestParametersArray_test_Title_Validation[Iteration # 12 : exp: Latest US news; act: Latest US news, world news, sports and opinion from the Guardian | theguardian_com | The Guardian]error" style="display:none;">
<div>
<pre>org.junit.ComparisonFailure: FAILED expected:&lt;Latest US news[]&gt; but was:&lt;Latest US news[, world news, sports and opinion from the Guardian | theguardian.com | The Guardian]&gt;</pre></div></div></td>
<td></td></tr>
<tr class="b">
<td><img src="images/icon_success_sml.gif" alt="" /></td>
<td>test_Title_Validation[Iteration # 13 : exp: ABC News: Breaking News &amp; Latest News - ABC News; act: ABC News: Breaking News &amp; Latest News - ABC News]</td>
<td>0.004</td></tr>
<tr class="a">
<td><img src="images/icon_success_sml.gif" alt="" /></td>
<td>test_Title_Validation[Iteration # 14 : exp: The Daily Beast; act: The Daily Beast]</td>
<td>0.019</td></tr>
<tr class="b">
<td><img src="images/icon_success_sml.gif" alt="" /></td>
<td>test_Title_Validation[Iteration # 15 : exp: The New Yorker; act: The New Yorker]</td>
<td>0.001</td></tr>
<tr class="a">
<td><a href="#core.Title_Validation_E2E_EndToEnd.SeleniumTestParametersArray.test_Title_Validation[Iteration # 16 : exp: The Telegraph - Telegraph online; act: The Telegraph - Telegraph online, Daily Telegraph, Sunday Telegraph - Telegraph]"><img src="images/icon_error_sml.gif" alt="" /></a></td>
<td><a href="#core.Title_Validation_E2E_EndToEnd.SeleniumTestParametersArray.test_Title_Validation[Iteration # 16 : exp: The Telegraph - Telegraph online; act: The Telegraph - Telegraph online, Daily Telegraph, Sunday Telegraph - Telegraph]">test_Title_Validation[Iteration # 16 : exp: The Telegraph - Telegraph online; act: The Telegraph - Telegraph online, Daily Telegraph, Sunday Telegraph - Telegraph]</a>
<div class="detailToggle" style="display:inline"><a href="javascript:toggleDisplay(&apos;core_Title_Validation_E2E_EndToEnd_SeleniumTestParametersArray_test_Title_Validation[Iteration # 16 : exp: The Telegraph - Telegraph online; act: The Telegraph - Telegraph online, Daily Telegraph, Sunday Telegraph - Telegraph]&apos;);"><span style="display:inline;" id="core_Title_Validation_E2E_EndToEnd_SeleniumTestParametersArray_test_Title_Validation[Iteration # 16 : exp: The Telegraph - Telegraph online; act: The Telegraph - Telegraph online, Daily Telegraph, Sunday Telegraph - Telegraph]off"> + </span><span style="display:none;" id="core_Title_Validation_E2E_EndToEnd_SeleniumTestParametersArray_test_Title_Validation[Iteration # 16 : exp: The Telegraph - Telegraph online; act: The Telegraph - Telegraph online, Daily Telegraph, Sunday Telegraph - Telegraph]on"> - </span>[ Detail ]</a></div></td>
<td>0.003</td></tr>
<tr class="b">
<td></td>
<td>FAILED expected:&lt;...h - Telegraph online[]&gt; but was:&lt;...h - Telegraph online[, Daily Telegraph, Sunday Telegraph - Telegraph]&gt;</td>
<td></td></tr>
<tr class="a">
<td></td>
<td>
<div id="core_Title_Validation_E2E_EndToEnd_SeleniumTestParametersArray_test_Title_Validation[Iteration # 16 : exp: The Telegraph - Telegraph online; act: The Telegraph - Telegraph online, Daily Telegraph, Sunday Telegraph - Telegraph]error" style="display:none;">
<div>
<pre>org.junit.ComparisonFailure: FAILED expected:&lt;...h - Telegraph online[]&gt; but was:&lt;...h - Telegraph online[, Daily Telegraph, Sunday Telegraph - Telegraph]&gt;at org.junit.Assert.assertEquals(Assert.java:115)at core.Title_Validation_E2E_EndToEnd.SeleniumTestParametersArray.test_Title_Validation(SeleniumTestParametersArray.java:41)at sun.reflect.GeneratedMethodAccessor5.invoke(Unknown Source)at sun.reflect.DelegatingMethodAccessorImpl.invoke(DelegatingMethodAccessorImpl.java:43)at java.lang.reflect.Method.invoke(Method.java:483)at org.junit.runners.model.FrameworkMethod$1.runReflectiveCall(FrameworkMethod.java:50)at org.junit.internal.runners.model.ReflectiveCallable.run(ReflectiveCallable.java:12)at org.junit.runners.model.FrameworkMethod.invokeExplosively(FrameworkMethod.java:47)at org.junit.internal.runners.statements.InvokeMethod.evaluate(InvokeMethod.java:17)at org.junit.runners.ParentRunner.runLeaf(ParentRunner.java:325)at org.junit.runners.BlockJUnit4ClassRunner.runChild(BlockJUnit4ClassRunner.java:78)at org.junit.runners.BlockJUnit4ClassRunner.runChild(BlockJUnit4ClassRunner.java:57)at org.junit.runners.ParentRunner$3.run(ParentRunner.java:290)at org.junit.runners.ParentRunner$1.schedule(ParentRunner.java:71)at org.junit.runners.ParentRunner.runChildren(ParentRunner.java:288)at org.junit.runners.ParentRunner.access$000(ParentRunner.java:58)at org.junit.runners.ParentRunner$2.evaluate(ParentRunner.java:268)at org.junit.runners.ParentRunner.run(ParentRunner.java:363)at org.junit.runners.Suite.runChild(Suite.java:128)at org.junit.runners.Suite.runChild(Suite.java:27)at org.junit.runners.ParentRunner$3.run(ParentRunner.java:290)at org.junit.runners.ParentRunner$1.schedule(ParentRunner.java:71)at org.junit.runners.ParentRunner.runChildren(ParentRunner.java:288)at org.junit.runners.ParentRunner.access$000(ParentRunner.java:58)at org.junit.runners.ParentRunner$2.evaluate(ParentRunner.java:268)at org.junit.internal.runners.statements.RunBefores.evaluate(RunBefores.java:26)at org.junit.runners.ParentRunner.run(ParentRunner.java:363)at org.junit.runners.Suite.runChild(Suite.java:128)at org.junit.runners.Suite.runChild(Suite.java:27)at org.junit.runners.ParentRunner$3.run(ParentRunner.java:290)at org.junit.runners.ParentRunner$1.schedule(ParentRunner.java:71)at org.junit.runners.ParentRunner.runChildren(ParentRunner.java:288)at org.junit.runners.ParentRunner.access$000(ParentRunner.java:58)at org.junit.runners.ParentRunner$2.evaluate(ParentRunner.java:268)at org.junit.runners.ParentRunner.run(ParentRunner.java:363)at org.apache.maven.surefire.junit4.JUnit4Provider.execute(JUnit4Provider.java:252)at org.apache.maven.surefire.junit4.JUnit4Provider.executeTestSet(JUnit4Provider.java:141)at org.apache.maven.surefire.junit4.JUnit4Provider.invoke(JUnit4Provider.java:112)at sun.reflect.NativeMethodAccessorImpl.invoke0(Native Method)at sun.reflect.NativeMethodAccessorImpl.invoke(NativeMethodAccessorImpl.java:62)at sun.reflect.DelegatingMethodAccessorImpl.invoke(DelegatingMethodAccessorImpl.java:43)at java.lang.reflect.Method.invoke(Method.java:483)at org.apache.maven.surefire.util.ReflectionUtils.invokeMethodWithArray(ReflectionUtils.java:189)at org.apache.maven.surefire.booter.ProviderFactory$ProviderProxy.invoke(ProviderFactory.java:165)at org.apache.maven.surefire.booter.ProviderFactory.invokeProvider(ProviderFactory.java:85)at org.apache.maven.surefire.booter.ForkedBooter.runSuitesInProcess(ForkedBooter.java:115)at org.apache.maven.surefire.booter.ForkedBooter.main(ForkedBooter.java:75)</pre></div></div></td>
<td></td></tr>
<tr class="b">
<td><a href="#core.Title_Validation_E2E_EndToEnd.SeleniumTestParametersArray.test_Title_Validation[Iteration # 17 : exp: BBC - Homepage&quot; ; act: BBC - Homepage]"><img src="images/icon_error_sml.gif" alt="" /></a></td>
<td><a href="#core.Title_Validation_E2E_EndToEnd.SeleniumTestParametersArray.test_Title_Validation[Iteration # 17 : exp: BBC - Homepage&quot; ; act: BBC - Homepage]">test_Title_Validation[Iteration # 17 : exp: BBC - Homepage&quot; ; act: BBC - Homepage]</a>
<div class="detailToggle" style="display:inline"><a href="javascript:toggleDisplay(&apos;core_Title_Validation_E2E_EndToEnd_SeleniumTestParametersArray_test_Title_Validation[Iteration # 17 : exp: BBC - Homepage&quot; ; act: BBC - Homepage]&apos;);"><span style="display:inline;" id="core_Title_Validation_E2E_EndToEnd_SeleniumTestParametersArray_test_Title_Validation[Iteration # 17 : exp: BBC - Homepage&quot; ; act: BBC - Homepage]off"> + </span><span style="display:none;" id="core_Title_Validation_E2E_EndToEnd_SeleniumTestParametersArray_test_Title_Validation[Iteration # 17 : exp: BBC - Homepage&quot; ; act: BBC - Homepage]on"> - </span>[ Detail ]</a></div></td>
<td>0.002</td></tr>
<tr class="a">
<td></td>
<td>FAILED expected:&lt;BBC - Homepage[&quot; ]&gt; but was:&lt;BBC - Homepage[]&gt;</td>
<td></td></tr>
<tr class="b">
<td></td>
<td>
<div id="core_Title_Validation_E2E_EndToEnd_SeleniumTestParametersArray_test_Title_Validation[Iteration # 17 : exp: BBC - Homepage&quot; ; act: BBC - Homepage]error" style="display:none;">
<div>
<pre>org.junit.ComparisonFailure: FAILED expected:&lt;BBC - Homepage[&quot;]&gt; but was:&lt;BBC - Homepage[]&gt;at org.junit.Assert.assertEquals(Assert.java:115)at core.Title_Validation_E2E_EndToEnd.SeleniumTestParametersArray.test_Title_Validation(SeleniumTestParametersArray.java:41)at sun.reflect.GeneratedMethodAccessor5.invoke(Unknown Source)at sun.reflect.DelegatingMethodAccessorImpl.invoke(DelegatingMethodAccessorImpl.java:43)at java.lang.reflect.Method.invoke(Method.java:483)at org.junit.runners.model.FrameworkMethod$1.runReflectiveCall(FrameworkMethod.java:50)at org.junit.internal.runners.model.ReflectiveCallable.run(ReflectiveCallable.java:12)at org.junit.runners.model.FrameworkMethod.invokeExplosively(FrameworkMethod.java:47)at org.junit.internal.runners.statements.InvokeMethod.evaluate(InvokeMethod.java:17)at org.junit.runners.ParentRunner.runLeaf(ParentRunner.java:325)at org.junit.runners.BlockJUnit4ClassRunner.runChild(BlockJUnit4ClassRunner.java:78)at org.junit.runners.BlockJUnit4ClassRunner.runChild(BlockJUnit4ClassRunner.java:57)at org.junit.runners.ParentRunner$3.run(ParentRunner.java:290)at org.junit.runners.ParentRunner$1.schedule(ParentRunner.java:71)at org.junit.runners.ParentRunner.runChildren(ParentRunner.java:288)at org.junit.runners.ParentRunner.access$000(ParentRunner.java:58)at org.junit.runners.ParentRunner$2.evaluate(ParentRunner.java:268)at org.junit.runners.ParentRunner.run(ParentRunner.java:363)at org.junit.runners.Suite.runChild(Suite.java:128)at org.junit.runners.Suite.runChild(Suite.java:27)at org.junit.runners.ParentRunner$3.run(ParentRunner.java:290)at org.junit.runners.ParentRunner$1.schedule(ParentRunner.java:71)at org.junit.runners.ParentRunner.runChildren(ParentRunner.java:288)at org.junit.runners.ParentRunner.access$000(ParentRunner.java:58)at org.junit.runners.ParentRunner$2.evaluate(ParentRunner.java:268)at org.junit.internal.runners.statements.RunBefores.evaluate(RunBefores.java:26)at org.junit.runners.ParentRunner.run(ParentRunner.java:363)at org.junit.runners.Suite.runChild(Suite.java:128)at org.junit.runners.Suite.runChild(Suite.java:27)at org.junit.runners.ParentRunner$3.run(ParentRunner.java:290)at org.junit.runners.ParentRunner$1.schedule(ParentRunner.java:71)at org.junit.runners.ParentRunner.runChildren(ParentRunner.java:288)at org.junit.runners.ParentRunner.access$000(ParentRunner.java:58)at org.junit.runners.ParentRunner$2.evaluate(ParentRunner.java:268)at org.junit.runners.ParentRunner.run(ParentRunner.java:363)at org.apache.maven.surefire.junit4.JUnit4Provider.execute(JUnit4Provider.java:252)at org.apache.maven.surefire.junit4.JUnit4Provider.executeTestSet(JUnit4Provider.java:141)at org.apache.maven.surefire.junit4.JUnit4Provider.invoke(JUnit4Provider.java:112)at sun.reflect.NativeMethodAccessorImpl.invoke0(Native Method)at sun.reflect.NativeMethodAccessorImpl.invoke(NativeMethodAccessorImpl.java:62)at sun.reflect.DelegatingMethodAccessorImpl.invoke(DelegatingMethodAccessorImpl.java:43)at java.lang.reflect.Method.invoke(Method.java:483)at org.apache.maven.surefire.util.ReflectionUtils.invokeMethodWithArray(ReflectionUtils.java:189)at org.apache.maven.surefire.booter.ProviderFactory$ProviderProxy.invoke(ProviderFactory.java:165)at org.apache.maven.surefire.booter.ProviderFactory.invokeProvider(ProviderFactory.java:85)at org.apache.maven.surefire.booter.ForkedBooter.runSuitesInProcess(ForkedBooter.java:115)at org.apache.maven.surefire.booter.ForkedBooter.main(ForkedBooter.java:75)</pre></div></div></td>
<td></td></tr>
<tr class="a">
<td><a href="#core.Title_Validation_E2E_EndToEnd.SeleniumTestParametersArray.test_Title_Validation[Iteration # 18 : exp: Petro Poroshenko - Wikipedia; act: Petro Poroshenko - Wikipedia, the free encyclopedia]"><img src="images/icon_error_sml.gif" alt="" /></a></td>
<td><a href="#core.Title_Validation_E2E_EndToEnd.SeleniumTestParametersArray.test_Title_Validation[Iteration # 18 : exp: Petro Poroshenko - Wikipedia; act: Petro Poroshenko - Wikipedia, the free encyclopedia]">test_Title_Validation[Iteration # 18 : exp: Petro Poroshenko - Wikipedia; act: Petro Poroshenko - Wikipedia, the free encyclopedia]</a>
<div class="detailToggle" style="display:inline"><a href="javascript:toggleDisplay(&apos;core_Title_Validation_E2E_EndToEnd_SeleniumTestParametersArray_test_Title_Validation[Iteration # 18 : exp: Petro Poroshenko - Wikipedia; act: Petro Poroshenko - Wikipedia, the free encyclopedia]&apos;);"><span style="display:inline;" id="core_Title_Validation_E2E_EndToEnd_SeleniumTestParametersArray_test_Title_Validation[Iteration # 18 : exp: Petro Poroshenko - Wikipedia; act: Petro Poroshenko - Wikipedia, the free encyclopedia]off"> + </span><span style="display:none;" id="core_Title_Validation_E2E_EndToEnd_SeleniumTestParametersArray_test_Title_Validation[Iteration # 18 : exp: Petro Poroshenko - Wikipedia; act: Petro Poroshenko - Wikipedia, the free encyclopedia]on"> - </span>[ Detail ]</a></div></td>
<td>0.002</td></tr>
<tr class="b">
<td></td>
<td>FAILED expected:&lt;...roshenko - Wikipedia[]&gt; but was:&lt;...roshenko - Wikipedia[, the free encyclopedia]&gt;</td>
<td></td></tr>
<tr class="a">
<td></td>
<td>
<div id="core_Title_Validation_E2E_EndToEnd_SeleniumTestParametersArray_test_Title_Validation[Iteration # 18 : exp: Petro Poroshenko - Wikipedia; act: Petro Poroshenko - Wikipedia, the free encyclopedia]error" style="display:none;">
<div>
<pre>org.junit.ComparisonFailure: FAILED expected:&lt;...roshenko - Wikipedia[]&gt; but was:&lt;...roshenko - Wikipedia[, the free encyclopedia]&gt;at org.junit.Assert.assertEquals(Assert.java:115)at core.Title_Validation_E2E_EndToEnd.SeleniumTestParametersArray.test_Title_Validation(SeleniumTestParametersArray.java:41)at sun.reflect.GeneratedMethodAccessor5.invoke(Unknown Source)at sun.reflect.DelegatingMethodAccessorImpl.invoke(DelegatingMethodAccessorImpl.java:43)at java.lang.reflect.Method.invoke(Method.java:483)at org.junit.runners.model.FrameworkMethod$1.runReflectiveCall(FrameworkMethod.java:50)at org.junit.internal.runners.model.ReflectiveCallable.run(ReflectiveCallable.java:12)at org.junit.runners.model.FrameworkMethod.invokeExplosively(FrameworkMethod.java:47)at org.junit.internal.runners.statements.InvokeMethod.evaluate(InvokeMethod.java:17)at org.junit.runners.ParentRunner.runLeaf(ParentRunner.java:325)at org.junit.runners.BlockJUnit4ClassRunner.runChild(BlockJUnit4ClassRunner.java:78)at org.junit.runners.BlockJUnit4ClassRunner.runChild(BlockJUnit4ClassRunner.java:57)at org.junit.runners.ParentRunner$3.run(ParentRunner.java:290)at org.junit.runners.ParentRunner$1.schedule(ParentRunner.java:71)at org.junit.runners.ParentRunner.runChildren(ParentRunner.java:288)at org.junit.runners.ParentRunner.access$000(ParentRunner.java:58)at org.junit.runners.ParentRunner$2.evaluate(ParentRunner.java:268)at org.junit.runners.ParentRunner.run(ParentRunner.java:363)at org.junit.runners.Suite.runChild(Suite.java:128)at org.junit.runners.Suite.runChild(Suite.java:27)at org.junit.runners.ParentRunner$3.run(ParentRunner.java:290)at org.junit.runners.ParentRunner$1.schedule(ParentRunner.java:71)at org.junit.runners.ParentRunner.runChildren(ParentRunner.java:288)at org.junit.runners.ParentRunner.access$000(ParentRunner.java:58)at org.junit.runners.ParentRunner$2.evaluate(ParentRunner.java:268)at org.junit.internal.runners.statements.RunBefores.evaluate(RunBefores.java:26)at org.junit.runners.ParentRunner.run(ParentRunner.java:363)at org.junit.runners.Suite.runChild(Suite.java:128)at org.junit.runners.Suite.runChild(Suite.java:27)at org.junit.runners.ParentRunner$3.run(ParentRunner.java:290)at org.junit.runners.ParentRunner$1.schedule(ParentRunner.java:71)at org.junit.runners.ParentRunner.runChildren(ParentRunner.java:288)at org.junit.runners.ParentRunner.access$000(ParentRunner.java:58)at org.junit.runners.ParentRunner$2.evaluate(ParentRunner.java:268)at org.junit.runners.ParentRunner.run(ParentRunner.java:363)at org.apache.maven.surefire.junit4.JUnit4Provider.execute(JUnit4Provider.java:252)at org.apache.maven.surefire.junit4.JUnit4Provider.executeTestSet(JUnit4Provider.java:141)at org.apache.maven.surefire.junit4.JUnit4Provider.invoke(JUnit4Provider.java:112)at sun.reflect.NativeMethodAccessorImpl.invoke0(Native Method)at sun.reflect.NativeMethodAccessorImpl.invoke(NativeMethodAccessorImpl.java:62)at sun.reflect.DelegatingMethodAccessorImpl.invoke(DelegatingMethodAccessorImpl.java:43)at java.lang.reflect.Method.invoke(Method.java:483)at org.apache.maven.surefire.util.ReflectionUtils.invokeMethodWithArray(ReflectionUtils.java:189)at org.apache.maven.surefire.booter.ProviderFactory$ProviderProxy.invoke(ProviderFactory.java:165)at org.apache.maven.surefire.booter.ProviderFactory.invokeProvider(ProviderFactory.java:85)at org.apache.maven.surefire.booter.ForkedBooter.runSuitesInProcess(ForkedBooter.java:115)at org.apache.maven.surefire.booter.ForkedBooter.main(ForkedBooter.java:75)</pre></div></div></td>
<td></td></tr>
<tr class="b">
<td><a href="#core.Title_Validation_E2E_EndToEnd.SeleniumTestParametersArray.test_Title_Validation[Iteration # 19 : exp: RT&quot; ; act: RT]"><img src="images/icon_error_sml.gif" alt="" /></a></td>
<td><a href="#core.Title_Validation_E2E_EndToEnd.SeleniumTestParametersArray.test_Title_Validation[Iteration # 19 : exp: RT&quot; ; act: RT]">test_Title_Validation[Iteration # 19 : exp: RT&quot; ; act: RT]</a>
<div class="detailToggle" style="display:inline"><a href="javascript:toggleDisplay(&apos;core_Title_Validation_E2E_EndToEnd_SeleniumTestParametersArray_test_Title_Validation[Iteration # 19 : exp: RT&quot; ; act: RT]&apos;);"><span style="display:inline;" id="core_Title_Validation_E2E_EndToEnd_SeleniumTestParametersArray_test_Title_Validation[Iteration # 19 : exp: RT&quot; ; act: RT]off"> + </span><span style="display:none;" id="core_Title_Validation_E2E_EndToEnd_SeleniumTestParametersArray_test_Title_Validation[Iteration # 19 : exp: RT&quot; ; act: RT]on"> - </span>[ Detail ]</a></div></td>
<td>0.001</td></tr>
<tr class="a">
<td></td>
<td>FAILED expected:&lt;RT[&quot; ]&gt; but was:&lt;RT[]&gt;</td>
<td></td></tr>
<tr class="b">
<td></td>
<td>
<div id="core_Title_Validation_E2E_EndToEnd_SeleniumTestParametersArray_test_Title_Validation[Iteration # 19 : exp: RT&quot; ; act: RT]error" style="display:none;">
<div>
<pre>org.junit.ComparisonFailure: FAILED expected:&lt;RT[&quot;]&gt; but was:&lt;RT[]&gt;at org.junit.Assert.assertEquals(Assert.java:115)at core.Title_Validation_E2E_EndToEnd.SeleniumTestParametersArray.test_Title_Validation(SeleniumTestParametersArray.java:41)at sun.reflect.GeneratedMethodAccessor5.invoke(Unknown Source)at sun.reflect.DelegatingMethodAccessorImpl.invoke(DelegatingMethodAccessorImpl.java:43)at java.lang.reflect.Method.invoke(Method.java:483)at org.junit.runners.model.FrameworkMethod$1.runReflectiveCall(FrameworkMethod.java:50)at org.junit.internal.runners.model.ReflectiveCallable.run(ReflectiveCallable.java:12)at org.junit.runners.model.FrameworkMethod.invokeExplosively(FrameworkMethod.java:47)at org.junit.internal.runners.statements.InvokeMethod.evaluate(InvokeMethod.java:17)at org.junit.runners.ParentRunner.runLeaf(ParentRunner.java:325)at org.junit.runners.BlockJUnit4ClassRunner.runChild(BlockJUnit4ClassRunner.java:78)at org.junit.runners.BlockJUnit4ClassRunner.runChild(BlockJUnit4ClassRunner.java:57)at org.junit.runners.ParentRunner$3.run(ParentRunner.java:290)at org.junit.runners.ParentRunner$1.schedule(ParentRunner.java:71)at org.junit.runners.ParentRunner.runChildren(ParentRunner.java:288)at org.junit.runners.ParentRunner.access$000(ParentRunner.java:58)at org.junit.runners.ParentRunner$2.evaluate(ParentRunner.java:268)at org.junit.runners.ParentRunner.run(ParentRunner.java:363)at org.junit.runners.Suite.runChild(Suite.java:128)at org.junit.runners.Suite.runChild(Suite.java:27)at org.junit.runners.ParentRunner$3.run(ParentRunner.java:290)at org.junit.runners.ParentRunner$1.schedule(ParentRunner.java:71)at org.junit.runners.ParentRunner.runChildren(ParentRunner.java:288)at org.junit.runners.ParentRunner.access$000(ParentRunner.java:58)at org.junit.runners.ParentRunner$2.evaluate(ParentRunner.java:268)at org.junit.internal.runners.statements.RunBefores.evaluate(RunBefores.java:26)at org.junit.runners.ParentRunner.run(ParentRunner.java:363)at org.junit.runners.Suite.runChild(Suite.java:128)at org.junit.runners.Suite.runChild(Suite.java:27)at org.junit.runners.ParentRunner$3.run(ParentRunner.java:290)at org.junit.runners.ParentRunner$1.schedule(ParentRunner.java:71)at org.junit.runners.ParentRunner.runChildren(ParentRunner.java:288)at org.junit.runners.ParentRunner.access$000(ParentRunner.java:58)at org.junit.runners.ParentRunner$2.evaluate(ParentRunner.java:268)at org.junit.runners.ParentRunner.run(ParentRunner.java:363)at org.apache.maven.surefire.junit4.JUnit4Provider.execute(JUnit4Provider.java:252)at org.apache.maven.surefire.junit4.JUnit4Provider.executeTestSet(JUnit4Provider.java:141)at org.apache.maven.surefire.junit4.JUnit4Provider.invoke(JUnit4Provider.java:112)at sun.reflect.NativeMethodAccessorImpl.invoke0(Native Method)at sun.reflect.NativeMethodAccessorImpl.invoke(NativeMethodAccessorImpl.java:62)at sun.reflect.DelegatingMethodAccessorImpl.invoke(DelegatingMethodAccessorImpl.java:43)at java.lang.reflect.Method.invoke(Method.java:483)at org.apache.maven.surefire.util.ReflectionUtils.invokeMethodWithArray(ReflectionUtils.java:189)at org.apache.maven.surefire.booter.ProviderFactory$ProviderProxy.invoke(ProviderFactory.java:165)at org.apache.maven.surefire.booter.ProviderFactory.invokeProvider(ProviderFactory.java:85)at org.apache.maven.surefire.booter.ForkedBooter.runSuitesInProcess(ForkedBooter.java:115)at org.apache.maven.surefire.booter.ForkedBooter.main(ForkedBooter.java:75)</pre></div></div></td>
<td></td></tr>
<tr class="a">
<td><img src="images/icon_success_sml.gif" alt="" /></td>
<td>test_Title_Validation[Iteration # 20 : exp: KyivPost / Independence. Community. Trust; act: KyivPost / Independence. Community. Trust]</td>
<td>0.02</td></tr>
<tr class="b">
<td><img src="images/icon_success_sml.gif" alt="" /></td>
<td>test_Title_Validation[Iteration # 21 : exp: TASS Russia News Agency; act: TASS Russia News Agency]</td>
<td>0.002</td></tr>
<tr class="a">
<td><img src="images/icon_success_sml.gif" alt="" /></td>
<td>test_Title_Validation[Iteration # 22 : exp: Petro Poroshenko - Official web-site of President of Ukraine; act: Petro Poroshenko - Official web-site of President of Ukraine]</td>
<td>0.001</td></tr></table></div><br /></div>
<div class="section">
<h2>Failure Details<a name="Failure_Details"></a></h2><a name="Failure_Details"></a>
<p>[<a href="#Summary">Summary</a>] [<a href="#Package_List">Package List</a>] [<a href="#Test_Cases">Test Cases</a>]</p><br />
<table border="1" class="bodyTable">
<tr class="a">
<td><img src="images/icon_error_sml.gif" alt="" /></td>
<td><a name="core.Title_Validation_E2E_EndToEnd.SeleniumTestParametersArray.test_Title_ValidationIteration__4_:_exp:_The_Telegraph_-_Telegraph_online_act:_The_Telegraph_-_Telegraph_online_Daily_Telegraph_Sunday_Telegraph_-_Telegraph"></a>test_Title_Validation[Iteration # 4 : exp: The Telegraph - Telegraph online; act: The Telegraph - Telegraph online, Daily Telegraph, Sunday Telegraph - Telegraph]</td></tr>
<tr class="b">
<td></td>
<td>org.junit.ComparisonFailure: FAILED expected:&lt;...h - Telegraph online[]&gt; but was:&lt;...h - Telegraph online[, Daily Telegraph, Sunday Telegraph - Telegraph]&gt;</td></tr>                                                                                                                                                                                                
<tr class="a">
<td></td>
<td>
<div id="test_Title_Validation[Iteration # 4 : exp: The Telegraph - Telegraph online; act: The Telegraph - Telegraph online, Daily Telegraph, Sunday Telegraph - Telegraph]error">core.Title_Validation_E2E_EndToEnd.SeleniumTestParametersArray:</div></td></tr>
<tr class="b">
<td><img src="images/icon_error_sml.gif" alt="" /></td>
<td><a name="core.Title_Validation_E2E_EndToEnd.SeleniumTestParametersArray.test_Title_ValidationIteration__5_:_exp:___-________-__Mail.Ru_act:___-________-__Mail.Ru"></a>test_Title_Validation[Iteration # 5 : exp: ????? ???????? - ??? ?????? ??????? ? ?????? ????? ???????? - ??????? Mail.Ru; act: &#x41f;&#x443;&#x442;&#x438;&#x43d; &#x412;&#x43b;&#x430;&#x434;&#x438;&#x43c;&#x438;&#x440; - &#x432;&#x441;&#x435; &#x441;&#x432;&#x435;&#x436;&#x438;&#x435; &#x43d;&#x43e;&#x432;&#x43e;&#x441;&#x442;&#x438; &#x441; &#x43c;&#x435;&#x442;&#x43a;&#x43e;&#x439; &#x41f;&#x443;&#x442;&#x438;&#x43d; &#x412;&#x43b;&#x430;&#x434;&#x438;&#x43c;&#x438;&#x440; - &#x41d;&#x43e;&#x432;&#x43e;&#x441;&#x442;&#x438; Mail.Ru]</td></tr>
<tr class="a">
<td></td>
<td>org.junit.ComparisonFailure: FAILED expected:&lt;[????? ???????? - ??? ?????? ??????? ? ?????? ????? ???????? - ???????] Mail.Ru&gt; but was:&lt;[&#x41f;&#x443;&#x442;&#x438;&#x43d; &#x412;&#x43b;&#x430;&#x434;&#x438;&#x43c;&#x438;&#x440; - &#x432;&#x441;&#x435; &#x441;&#x432;&#x435;&#x436;&#x438;&#x435; &#x43d;&#x43e;&#x432;&#x43e;&#x441;&#x442;&#x438; &#x441; &#x43c;&#x435;&#x442;&#x43a;&#x43e;&#x439; &#x41f;&#x443;&#x442;&#x438;&#x43d; &#x412;&#x43b;&#x430;&#x434;&#x438;&#x43c;&#x438;&#x440; - &#x41d;&#x43e;&#x432;&#x43e;&#x441;&#x442;&#x438;] Mail.Ru&gt;</td></tr>                                                                                                                                                                                                
<tr class="b">
<td></td>
<td>
<div id="test_Title_Validation[Iteration # 5 : exp: ????? ???????? - ??? ?????? ??????? ? ?????? ????? ???????? - ??????? Mail.Ru; act: &#x41f;&#x443;&#x442;&#x438;&#x43d; &#x412;&#x43b;&#x430;&#x434;&#x438;&#x43c;&#x438;&#x440; - &#x432;&#x441;&#x435; &#x441;&#x432;&#x435;&#x436;&#x438;&#x435; &#x43d;&#x43e;&#x432;&#x43e;&#x441;&#x442;&#x438; &#x441; &#x43c;&#x435;&#x442;&#x43a;&#x43e;&#x439; &#x41f;&#x443;&#x442;&#x438;&#x43d; &#x412;&#x43b;&#x430;&#x434;&#x438;&#x43c;&#x438;&#x440; - &#x41d;&#x43e;&#x432;&#x43e;&#x441;&#x442;&#x438; Mail.Ru]error">core.Title_Validation_E2E_EndToEnd.SeleniumTestParametersArray:</div></td></tr>
<tr class="a">
<td><img src="images/icon_error_sml.gif" alt="" /></td>
<td><a name="core.Title_Validation_E2E_EndToEnd.SeleniumTestParametersArray.test_Title_ValidationIteration__6_:_exp:__-__act:_________"></a>test_Title_Validation[Iteration # 6 : exp: ??????????????????? - ???????; act: &#x420;&#x43e;&#x441;&#x411;&#x438;&#x437;&#x43d;&#x435;&#x441;&#x41a;&#x43e;&#x43d;&#x441;&#x430;&#x43b;&#x442;&#x438;&#x43d;&#x433; &#x2014; &#x43d;&#x43e;&#x432;&#x43e;&#x441;&#x442;&#x438;, &#x430;&#x43a;&#x446;&#x438;&#x438;, &#x43a;&#x443;&#x440;&#x441;&#x44b; &#x432;&#x430;&#x43b;&#x44e;&#x442;, &#x43f;&#x43e;&#x433;&#x43e;&#x434;&#x430;, &#x434;&#x43e;&#x43b;&#x43b;&#x430;&#x440;, &#x435;&#x432;&#x440;&#x43e;]</td></tr>
<tr class="b">
<td></td>
<td>org.junit.ComparisonFailure: FAILED expected:&lt;[??????????????????? - ???????]&gt; but was:&lt;[&#x420;&#x43e;&#x441;&#x411;&#x438;&#x437;&#x43d;&#x435;&#x441;&#x41a;&#x43e;&#x43d;&#x441;&#x430;&#x43b;&#x442;&#x438;&#x43d;&#x433; &#x2014; &#x43d;&#x43e;&#x432;&#x43e;&#x441;&#x442;&#x438;, &#x430;&#x43a;&#x446;&#x438;&#x438;, &#x43a;&#x443;&#x440;&#x441;&#x44b; &#x432;&#x430;&#x43b;&#x44e;&#x442;, &#x43f;&#x43e;&#x433;&#x43e;&#x434;&#x430;, &#x434;&#x43e;&#x43b;&#x43b;&#x430;&#x440;, &#x435;&#x432;&#x440;&#x43e;]&gt;</td></tr>                                                                                                                                                                                                
<tr class="a">
<td></td>
<td>
<div id="test_Title_Validation[Iteration # 6 : exp: ??????????????????? - ???????; act: &#x420;&#x43e;&#x441;&#x411;&#x438;&#x437;&#x43d;&#x435;&#x441;&#x41a;&#x43e;&#x43d;&#x441;&#x430;&#x43b;&#x442;&#x438;&#x43d;&#x433; &#x2014; &#x43d;&#x43e;&#x432;&#x43e;&#x441;&#x442;&#x438;, &#x430;&#x43a;&#x446;&#x438;&#x438;, &#x43a;&#x443;&#x440;&#x441;&#x44b; &#x432;&#x430;&#x43b;&#x44e;&#x442;, &#x43f;&#x43e;&#x433;&#x43e;&#x434;&#x430;, &#x434;&#x43e;&#x43b;&#x43b;&#x430;&#x440;, &#x435;&#x432;&#x440;&#x43e;]error">core.Title_Validation_E2E_EndToEnd.SeleniumTestParametersArray:</div></td></tr>
<tr class="b">
<td><img src="images/icon_error_sml.gif" alt="" /></td>
<td><a name="core.Title_Validation_E2E_EndToEnd.SeleniumTestParametersArray.test_Title_ValidationIteration__7_:_exp:____act:______"></a>test_Title_Validation[Iteration # 7 : exp: ??? ???????? ?????; act: &#x422;&#x435;&#x433; &#x412;&#x43b;&#x430;&#x434;&#x438;&#x43c;&#x438;&#x440; &#x41f;&#x443;&#x442;&#x438;&#x43d; | &#x420;&#x418;&#x410; &#x41d;&#x43e;&#x432;&#x43e;&#x441;&#x442;&#x438;]</td></tr>
<tr class="a">
<td></td>
<td>org.junit.ComparisonFailure: FAILED expected:&lt;[??? ???????? ?????]&gt; but was:&lt;[&#x422;&#x435;&#x433; &#x412;&#x43b;&#x430;&#x434;&#x438;&#x43c;&#x438;&#x440; &#x41f;&#x443;&#x442;&#x438;&#x43d; | &#x420;&#x418;&#x410; &#x41d;&#x43e;&#x432;&#x43e;&#x441;&#x442;&#x438;]&gt;</td></tr>                                                                                                                                                                                                
<tr class="b">
<td></td>
<td>
<div id="test_Title_Validation[Iteration # 7 : exp: ??? ???????? ?????; act: &#x422;&#x435;&#x433; &#x412;&#x43b;&#x430;&#x434;&#x438;&#x43c;&#x438;&#x440; &#x41f;&#x443;&#x442;&#x438;&#x43d; | &#x420;&#x418;&#x410; &#x41d;&#x43e;&#x432;&#x43e;&#x441;&#x442;&#x438;]error">core.Title_Validation_E2E_EndToEnd.SeleniumTestParametersArray:</div></td></tr>
<tr class="a">
<td><img src="images/icon_error_sml.gif" alt="" /></td>
<td><a name="core.Title_Validation_E2E_EndToEnd.SeleniumTestParametersArray.test_Title_ValidationIteration__8_:_exp:_____act:____"></a>test_Title_Validation[Iteration # 8 : exp: ?????? / ??????? ???; act: &#xa0;&#x412;&#x417;&#x413;&#x41b;&#x42f;&#x414; / &#x41d;&#x43e;&#x432;&#x43e;&#x441;&#x442;&#x438; &#x434;&#x43d;&#x44f;]</td></tr>
<tr class="b">
<td></td>
<td>org.junit.ComparisonFailure: FAILED expected:&lt;[?????? / ??????? ???]&gt; but was:&lt;[&#xa0;&#x412;&#x417;&#x413;&#x41b;&#x42f;&#x414; / &#x41d;&#x43e;&#x432;&#x43e;&#x441;&#x442;&#x438; &#x434;&#x43d;&#x44f;]&gt;</td></tr>                                                                                                                                                                                                
<tr class="a">
<td></td>
<td>
<div id="test_Title_Validation[Iteration # 8 : exp: ?????? / ??????? ???; act: &#xa0;&#x412;&#x417;&#x413;&#x41b;&#x42f;&#x414; / &#x41d;&#x43e;&#x432;&#x43e;&#x441;&#x442;&#x438; &#x434;&#x43d;&#x44f;]error">core.Title_Validation_E2E_EndToEnd.SeleniumTestParametersArray:</div></td></tr>
<tr class="b">
<td><img src="images/icon_error_sml.gif" alt="" /></td>
<td><a name="core.Title_Validation_E2E_EndToEnd.SeleniumTestParametersArray.test_Title_ValidationIteration__9_:_exp:____-______act:____-______"></a>test_Title_Validation[Iteration # 9 : exp: ??????????? ????????? ?????? - ??????? ???????????????? ??? ?????? ???????; act: &#x412;&#x43e;&#x437;&#x432;&#x440;&#x430;&#x449;&#x435;&#x43d;&#x438;&#x435; &#x412;&#x43b;&#x430;&#x434;&#x438;&#x43c;&#x438;&#x440;&#x430; &#x41f;&#x443;&#x442;&#x438;&#x43d;&#x430; - &#x43c;&#x440;&#x430;&#x447;&#x43d;&#x43e;&#x435; &#x43f;&#x440;&#x435;&#x434;&#x437;&#x43d;&#x430;&#x43c;&#x435;&#x43d;&#x43e;&#x432;&#x430;&#x43d;&#x438;&#x435; &#x434;&#x43b;&#x44f; &#x420;&#x43e;&#x441;&#x441;&#x438;&#x438; &#x438; &#x417;&#x430;&#x43f;&#x430;&#x434;&#x430;]</td></tr>
<tr class="a">
<td></td>
<td>org.junit.ComparisonFailure: FAILED expected:&lt;[??????????? ????????? ?????? - ??????? ???????????????? ??? ?????? ???????]&gt; but was:&lt;[&#x412;&#x43e;&#x437;&#x432;&#x440;&#x430;&#x449;&#x435;&#x43d;&#x438;&#x435; &#x412;&#x43b;&#x430;&#x434;&#x438;&#x43c;&#x438;&#x440;&#x430; &#x41f;&#x443;&#x442;&#x438;&#x43d;&#x430; - &#x43c;&#x440;&#x430;&#x447;&#x43d;&#x43e;&#x435; &#x43f;&#x440;&#x435;&#x434;&#x437;&#x43d;&#x430;&#x43c;&#x435;&#x43d;&#x43e;&#x432;&#x430;&#x43d;&#x438;&#x435; &#x434;&#x43b;&#x44f; &#x420;&#x43e;&#x441;&#x441;&#x438;&#x438; &#x438; &#x417;&#x430;&#x43f;&#x430;&#x434;&#x430;]&gt;</td></tr>                                                                                                                                                                                                
<tr class="b">
<td></td>
<td>
<div id="test_Title_Validation[Iteration # 9 : exp: ??????????? ????????? ?????? - ??????? ???????????????? ??? ?????? ???????; act: &#x412;&#x43e;&#x437;&#x432;&#x440;&#x430;&#x449;&#x435;&#x43d;&#x438;&#x435; &#x412;&#x43b;&#x430;&#x434;&#x438;&#x43c;&#x438;&#x440;&#x430; &#x41f;&#x443;&#x442;&#x438;&#x43d;&#x430; - &#x43c;&#x440;&#x430;&#x447;&#x43d;&#x43e;&#x435; &#x43f;&#x440;&#x435;&#x434;&#x437;&#x43d;&#x430;&#x43c;&#x435;&#x43d;&#x43e;&#x432;&#x430;&#x43d;&#x438;&#x435; &#x434;&#x43b;&#x44f; &#x420;&#x43e;&#x441;&#x441;&#x438;&#x438; &#x438; &#x417;&#x430;&#x43f;&#x430;&#x434;&#x430;]error">core.Title_Validation_E2E_EndToEnd.SeleniumTestParametersArray:</div></td></tr>
<tr class="a">
<td><img src="images/icon_error_sml.gif" alt="" /></td>
<td><a name="core.Title_Validation_E2E_EndToEnd.SeleniumTestParametersArray.test_Title_ValidationIteration__10_:_exp:___act:__"></a>test_Title_Validation[Iteration # 10 : exp: ????? ???????; act: &#x41f;&#x443;&#x442;&#x438;&#x43d; &#x441;&#x435;&#x433;&#x43e;&#x434;&#x43d;&#x44f;]</td></tr>
<tr class="b">
<td></td>
<td>org.junit.ComparisonFailure: FAILED expected:&lt;[????? ???????]&gt; but was:&lt;[&#x41f;&#x443;&#x442;&#x438;&#x43d; &#x441;&#x435;&#x433;&#x43e;&#x434;&#x43d;&#x44f;]&gt;</td></tr>                                                                                                                                                                                                
<tr class="a">
<td></td>
<td>
<div id="test_Title_Validation[Iteration # 10 : exp: ????? ???????; act: &#x41f;&#x443;&#x442;&#x438;&#x43d; &#x441;&#x435;&#x433;&#x43e;&#x434;&#x43d;&#x44f;]error">core.Title_Validation_E2E_EndToEnd.SeleniumTestParametersArray:</div></td></tr>
<tr class="b">
<td><img src="images/icon_error_sml.gif" alt="" /></td>
<td><a name="core.Title_Validation_E2E_EndToEnd.SeleniumTestParametersArray.test_Title_ValidationIteration__11_:_exp:_Washington_Post:_Breaking_News_act:_Washington_Post:_Breaking_News_World_US_DC_News__Analysis"></a>test_Title_Validation[Iteration # 11 : exp: Washington Post: Breaking News; act: Washington Post: Breaking News, World, US, DC News &amp; Analysis]</td></tr>
<tr class="a">
<td></td>
<td>org.junit.ComparisonFailure: FAILED expected:&lt;... Post: Breaking News[]&gt; but was:&lt;... Post: Breaking News[, World, US, DC News &amp; Analysis]&gt;</td></tr>                                                                                                                                                                                                
<tr class="b">
<td></td>
<td>
<div id="test_Title_Validation[Iteration # 11 : exp: Washington Post: Breaking News; act: Washington Post: Breaking News, World, US, DC News &amp; Analysis]error">core.Title_Validation_E2E_EndToEnd.SeleniumTestParametersArray:</div></td></tr>
<tr class="a">
<td><img src="images/icon_error_sml.gif" alt="" /></td>
<td><a name="core.Title_Validation_E2E_EndToEnd.SeleniumTestParametersArray.test_Title_ValidationIteration__12_:_exp:_Latest_US_news_act:_Latest_US_news_world_news_sports_and_opinion_from_the_Guardian__theguardian.com__The_Guardian"></a>test_Title_Validation[Iteration # 12 : exp: Latest US news; act: Latest US news, world news, sports and opinion from the Guardian | theguardian.com | The Guardian]</td></tr>
<tr class="b">
<td></td>
<td>org.junit.ComparisonFailure: FAILED expected:&lt;Latest US news[]&gt; but was:&lt;Latest US news[, world news, sports and opinion from the Guardian | theguardian.com | The Guardian]&gt;</td></tr>
<tr class="a">
<td></td>
<td>
<div id="test_Title_Validation[Iteration # 12 : exp: Latest US news; act: Latest US news, world news, sports and opinion from the Guardian | theguardian.com | The Guardian]error">core.Title_Validation_E2E_EndToEnd.SeleniumTestParametersArray:</div></td></tr>
<tr class="b">
<td><img src="images/icon_error_sml.gif" alt="" /></td>
<td><a name="core.Title_Validation_E2E_EndToEnd.SeleniumTestParametersArray.test_Title_ValidationIteration__16_:_exp:_The_Telegraph_-_Telegraph_online_act:_The_Telegraph_-_Telegraph_online_Daily_Telegraph_Sunday_Telegraph_-_Telegraph"></a>test_Title_Validation[Iteration # 16 : exp: The Telegraph - Telegraph online; act: The Telegraph - Telegraph online, Daily Telegraph, Sunday Telegraph - Telegraph]</td></tr>
<tr class="a">
<td></td>
<td>org.junit.ComparisonFailure: FAILED expected:&lt;...h - Telegraph online[]&gt; but was:&lt;...h - Telegraph online[, Daily Telegraph, Sunday Telegraph - Telegraph]&gt;</td></tr>                                                                                                                                                                                            
<tr class="b">
<td></td>
<td>
<div id="test_Title_Validation[Iteration # 16 : exp: The Telegraph - Telegraph online; act: The Telegraph - Telegraph online, Daily Telegraph, Sunday Telegraph - Telegraph]error">core.Title_Validation_E2E_EndToEnd.SeleniumTestParametersArray:</div></td></tr>
<tr class="a">
<td><img src="images/icon_error_sml.gif" alt="" /></td>
<td><a name="core.Title_Validation_E2E_EndToEnd.SeleniumTestParametersArray.test_Title_ValidationIteration__17_:_exp:_BBC_-_Homepage__act:_BBC_-_Homepage"></a>test_Title_Validation[Iteration # 17 : exp: BBC - Homepage&quot; ; act: BBC - Homepage]</td></tr>
<tr class="b">
<td></td>
<td>org.junit.ComparisonFailure: FAILED expected:&lt;BBC - Homepage[&quot; ]&gt; but was:&lt;BBC - Homepage[]&gt;</td></tr>                                                                                                                                                                                            
<tr class="a">
<td></td>
<td>
<div id="test_Title_Validation[Iteration # 17 : exp: BBC - Homepage&quot; ; act: BBC - Homepage]error">core.Title_Validation_E2E_EndToEnd.SeleniumTestParametersArray:</div></td></tr>
<tr class="b">
<td><img src="images/icon_error_sml.gif" alt="" /></td>
<td><a name="core.Title_Validation_E2E_EndToEnd.SeleniumTestParametersArray.test_Title_ValidationIteration__18_:_exp:_Petro_Poroshenko_-_Wikipedia_act:_Petro_Poroshenko_-_Wikipedia_the_free_encyclopedia"></a>test_Title_Validation[Iteration # 18 : exp: Petro Poroshenko - Wikipedia; act: Petro Poroshenko - Wikipedia, the free encyclopedia]</td></tr>
<tr class="a">
<td></td>
<td>org.junit.ComparisonFailure: FAILED expected:&lt;...roshenko - Wikipedia[]&gt; but was:&lt;...roshenko - Wikipedia[, the free encyclopedia]&gt;</td></tr>                                                                                                                                                                                            
<tr class="b">
<td></td>
<td>
<div id="test_Title_Validation[Iteration # 18 : exp: Petro Poroshenko - Wikipedia; act: Petro Poroshenko - Wikipedia, the free encyclopedia]error">core.Title_Validation_E2E_EndToEnd.SeleniumTestParametersArray:</div></td></tr>
<tr class="a">
<td><img src="images/icon_error_sml.gif" alt="" /></td>
<td><a name="core.Title_Validation_E2E_EndToEnd.SeleniumTestParametersArray.test_Title_ValidationIteration__19_:_exp:_RT__act:_RT"></a>test_Title_Validation[Iteration # 19 : exp: RT&quot; ; act: RT]</td></tr>
<tr class="b">
<td></td>
<td>org.junit.ComparisonFailure: FAILED expected:&lt;RT[&quot; ]&gt; but was:&lt;RT[]&gt;</td></tr>                                                                                                                                                                                            
<tr class="a">
<td></td>
<td>
<div id="test_Title_Validation[Iteration # 19 : exp: RT&quot; ; act: RT]error">core.Title_Validation_E2E_EndToEnd.SeleniumTestParametersArray:</div></td></tr></table><br /></div>
      </div>
    </div>
    <div class="clear">
      <hr/>
    </div>
    <div id="footer">
      <div class="xright">
              Copyright &#169;                   2015.
          All Rights Reserved.      
                    
                  </div>
      <div class="clear">
        <hr/>
      </div>
    </div>
  </body>
</html>
